<?xml version="1.0" encoding="UTF-8"?>
<testsuites name="LOS-WEB Full Cycle" time="64.548" tests="5" failures="0" errors="0">
   <testsuite name="LOS-WEB Full Cycle" tests="5" failures="0" errors="0" time="64.548" skipped="0" timestamp="2023-06-13 15:54:26" hostname="a.miranda.local - cmit-amiranda" id="Test Suites/LOS-WEB Full Cycle">
      <properties>
         <property name="deviceName" value=""/>
         <property name="devicePlatform" value=""/>
         <property name="logFolder" value="C:\\Users\\mri-user\\git\\LOS-WEB\\Reports\\20230613_155422\\LOS-WEB Full Cycle\\20230613_155423"/>
         <property name="logFiles" value="C:\\Users\\mri-user\\git\\LOS-WEB\\Reports\\20230613_155422\\LOS-WEB Full Cycle\\20230613_155423\\execution0.log"/>
         <property name="attachments" value=""/>
         <property name="hostName" value="a.miranda.local - cmit-amiranda"/>
         <property name="os" value="Windows 10 64bit"/>
         <property name="katalonVersion" value="8.6.0.208"/>
         <property name="browser" value="Chrome 114.0.0.0"/>
         <property name="hostAddress" value="10.200.54.69"/>
         <property name="sessionId" value="e71773023caee5bed17a21a2d125a9b6"/>
         <property name="seleniumVersion" value="3.141.59"/>
         <property name="proxyInformation" value="ProxyInformation { proxyOption=NO_PROXY, proxyServerType=HTTP, username=, password=********, proxyServerAddress=, proxyServerPort=0, executionList=&quot;&quot;, isApplyToDesiredCapabilities=true }"/>
         <property name="platform" value="Windows 10"/>
      </properties>
      <testcase name="Test Cases/LOS RBI/Login" time="14.045" classname="Test Cases/LOS RBI/Login" status="PASSED">
         <system-out><![CDATA[2023-06-13 15:54:26 - [TEST_CASE][PASSED] - Test Cases/LOS RBI/Login: Test Cases/LOS RBI/Login

2023-06-13 15:54:26 - [TEST_STEP][PASSED] - openBrowser(""): Browser is opened with url: ''

2023-06-13 15:54:27 - [MESSAGE][INFO] - Starting 'Chrome' driver

2023-06-13 15:54:27 - [MESSAGE][INFO] - Action delay is set to 0 milliseconds

2023-06-13 15:54:29 - [MESSAGE][PASSED] - Browser is opened with url: ''

2023-06-13 15:54:29 - [TEST_STEP][PASSED] - maximizeWindow(): Current window maximized

2023-06-13 15:54:29 - [MESSAGE][PASSED] - Current window maximized

2023-06-13 15:54:29 - [TEST_STEP][PASSED] - navigateToUrl(URL): Navigate to 'https://losrbitest.cardmri.com:8446/LOSWEB/login' successfully

2023-06-13 15:54:30 - [MESSAGE][PASSED] - Navigate to 'https://losrbitest.cardmri.com:8446/LOSWEB/login' successfully

2023-06-13 15:54:30 - [TEST_STEP][PASSED] - click(findTestObject("Object Repository/Page_LOS Web - Login/label_Username")): Object: 'Object Repository/Page_LOS Web - Login/label_Username' is clicked on

2023-06-13 15:54:31 - [MESSAGE][PASSED] - Object: 'Object Repository/Page_LOS Web - Login/label_Username' is clicked on

2023-06-13 15:54:31 - [TEST_STEP][PASSED] - setText(findTestObject("Object Repository/Page_LOS Web - Login/input_LOAN ORIGINATION SYSTEM (LOS) Web_userName"), USERNAME): Text 'vfvillaceran' is set on object 'Object Repository/Page_LOS Web - Login/input_LOAN ORIGINATION SYSTEM (LOS) Web_userName'

2023-06-13 15:54:32 - [MESSAGE][PASSED] - Text 'vfvillaceran' is set on object 'Object Repository/Page_LOS Web - Login/input_LOAN ORIGINATION SYSTEM (LOS) Web_userName'

2023-06-13 15:54:32 - [TEST_STEP][PASSED] - setEncryptedText(findTestObject("Object Repository/Page_LOS Web - Login/input_Username_userPass"), PASSWORD): Text ****** has been set on object 'Object Repository/Page_LOS Web - Login/input_Username_userPass'

2023-06-13 15:54:32 - [MESSAGE][PASSED] - Text ****** has been set on object 'Object Repository/Page_LOS Web - Login/input_Username_userPass'

2023-06-13 15:54:32 - [TEST_STEP][PASSED] - click(findTestObject("Object Repository/Page_LOS Web - Login/button_Login")): Object: 'Object Repository/Page_LOS Web - Login/button_Login' is clicked on

2023-06-13 15:54:35 - [MESSAGE][PASSED] - Object: 'Object Repository/Page_LOS Web - Login/button_Login' is clicked on

2023-06-13 15:54:35 - [TEST_STEP][PASSED] - delay(5): Delayed 5 second(s)

2023-06-13 15:54:40 - [MESSAGE][PASSED] - Delayed 5 second(s)]]></system-out>
         <system-err><![CDATA[]]></system-err>
      </testcase>
      <testcase name="Test Cases/LOS RBI/Loan Matrix/Loan Amount/ADD" time="21.507" classname="Test Cases/LOS RBI/Loan Matrix/Loan Amount/ADD" status="PASSED">
         <system-out><![CDATA[2023-06-13 15:54:40 - [TEST_CASE][PASSED] - Test Cases/LOS RBI/Loan Matrix/Loan Amount/ADD: Test Cases/LOS RBI/Loan Matrix/Loan Amount/ADD

2023-06-13 15:54:41 - [TEST_STEP][PASSED] - MinLa = new java.util.Random(): null

2023-06-13 15:54:41 - [TEST_STEP][PASSED] - MinimumLA = MinLa.nextInt(9000) + 1000: null

2023-06-13 15:54:41 - [TEST_STEP][PASSED] - MaxLa = new java.util.Random(): null

2023-06-13 15:54:41 - [TEST_STEP][PASSED] - MaximumLA = MaxLa.nextInt(90000) + 10000: null

2023-06-13 15:54:41 - [TEST_STEP][PASSED] - click(findTestObject("Object Repository/Page_LOS Web HomePage/a_Loan Matrix")): Object: 'Object Repository/Page_LOS Web HomePage/a_Loan Matrix' is clicked on

2023-06-13 15:54:42 - [MESSAGE][PASSED] - Object: 'Object Repository/Page_LOS Web HomePage/a_Loan Matrix' is clicked on

2023-06-13 15:54:42 - [TEST_STEP][PASSED] - click(findTestObject("Object Repository/Page_LOS Web HomePage/span_Loan Amount Matrix")): Object: 'Object Repository/Page_LOS Web HomePage/span_Loan Amount Matrix' is clicked on

2023-06-13 15:54:43 - [MESSAGE][PASSED] - Object: 'Object Repository/Page_LOS Web HomePage/span_Loan Amount Matrix' is clicked on

2023-06-13 15:54:43 - [TEST_STEP][PASSED] - click(findTestObject("Object Repository/Page_LOS Web HomePage/button_Add New Loan Matrix")): Object: 'Object Repository/Page_LOS Web HomePage/button_Add New Loan Matrix' is clicked on

2023-06-13 15:54:44 - [MESSAGE][PASSED] - Object: 'Object Repository/Page_LOS Web HomePage/button_Add New Loan Matrix' is clicked on

2023-06-13 15:54:44 - [TEST_STEP][PASSED] - setText(findTestObject("Page_LOS Web HomePage/input__txtMinAmount"), MinimumLA.toString()): Text '2660' is set on object 'Object Repository/Page_LOS Web HomePage/input__txtMinAmount'

2023-06-13 15:54:45 - [MESSAGE][PASSED] - Text '2660' is set on object 'Object Repository/Page_LOS Web HomePage/input__txtMinAmount'

2023-06-13 15:54:45 - [TEST_STEP][PASSED] - setText(findTestObject("Object Repository/Page_LOS Web HomePage/input_Minimum Amount_txtMaxAmount"), MaximumLA.toString()): Text '13140' is set on object 'Object Repository/Page_LOS Web HomePage/input_Minimum Amount_txtMaxAmount'

2023-06-13 15:54:46 - [MESSAGE][PASSED] - Text '13140' is set on object 'Object Repository/Page_LOS Web HomePage/input_Minimum Amount_txtMaxAmount'

2023-06-13 15:54:46 - [TEST_STEP][PASSED] - selectOptionByValue(findTestObject("Object Repository/Page_LOS Web HomePage/select_Please Select Role Account Officer S_1fb818"), "1016", true): All options with value '1016' are selected in object 'Object Repository/Page_LOS Web HomePage/select_Please Select Role Account Officer S_1fb818'  using regular expression

2023-06-13 15:54:48 - [MESSAGE][PASSED] - All options with value '1016' are selected in object 'Object Repository/Page_LOS Web HomePage/select_Please Select Role Account Officer S_1fb818'  using regular expression

2023-06-13 15:54:48 - [TEST_STEP][PASSED] - selectOptionByValue(findTestObject("Object Repository/Page_LOS Web HomePage/select_Please Select Action Recommendation _3b373a"), "1", true): All options with value '1' are selected in object 'Object Repository/Page_LOS Web HomePage/select_Please Select Action Recommendation _3b373a'  using regular expression

2023-06-13 15:54:50 - [MESSAGE][PASSED] - All options with value '1' are selected in object 'Object Repository/Page_LOS Web HomePage/select_Please Select Action Recommendation _3b373a'  using regular expression

2023-06-13 15:54:50 - [TEST_STEP][PASSED] - click(findTestObject("Object Repository/Page_LOS Web HomePage/button_Save")): Object: 'Object Repository/Page_LOS Web HomePage/button_Save' is clicked on

2023-06-13 15:54:50 - [MESSAGE][PASSED] - Object: 'Object Repository/Page_LOS Web HomePage/button_Save' is clicked on

2023-06-13 15:54:50 - [TEST_STEP][PASSED] - acceptAlert(): Alert accepted

2023-06-13 15:54:50 - [MESSAGE][PASSED] - Alert accepted

2023-06-13 15:54:50 - [TEST_STEP][PASSED] - acceptAlert(): Alert accepted

2023-06-13 15:54:50 - [MESSAGE][PASSED] - Alert accepted

2023-06-13 15:54:50 - [TEST_STEP][PASSED] - delay(5): Delayed 5 second(s)

2023-06-13 15:54:55 - [MESSAGE][PASSED] - Delayed 5 second(s)

2023-06-13 15:54:55 - [TEST_STEP][PASSED] - setText(findTestObject("Object Repository/Page_LOS Web HomePage/input_search"), "Super"): Text 'Super' is set on object 'Object Repository/Page_LOS Web HomePage/input_search'

2023-06-13 15:54:57 - [MESSAGE][PASSED] - Text 'Super' is set on object 'Object Repository/Page_LOS Web HomePage/input_search'

2023-06-13 15:54:57 - [TEST_STEP][PASSED] - delay(5): Delayed 5 second(s)

2023-06-13 15:55:02 - [MESSAGE][PASSED] - Delayed 5 second(s)]]></system-out>
         <system-err><![CDATA[]]></system-err>
      </testcase>
      <testcase name="Test Cases/LOS RBI/Loan Matrix/Loan Amount/EDIT" time="10.221" classname="Test Cases/LOS RBI/Loan Matrix/Loan Amount/EDIT" status="PASSED">
         <system-out><![CDATA[2023-06-13 15:55:02 - [TEST_CASE][PASSED] - Test Cases/LOS RBI/Loan Matrix/Loan Amount/EDIT: Test Cases/LOS RBI/Loan Matrix/Loan Amount/EDIT

2023-06-13 15:55:02 - [TEST_STEP][PASSED] - setText(findTestObject("Object Repository/Page_LOS Web HomePage/input_search"), "super"): Text 'super' is set on object 'Object Repository/Page_LOS Web HomePage/input_search'

2023-06-13 15:55:04 - [MESSAGE][PASSED] - Text 'super' is set on object 'Object Repository/Page_LOS Web HomePage/input_search'

2023-06-13 15:55:04 - [TEST_STEP][PASSED] - click(findTestObject("Object Repository/Page_LOS Web HomePage/button_Description_btnUpdateLoan")): Object: 'Object Repository/Page_LOS Web HomePage/button_Description_btnUpdateLoan' is clicked on

2023-06-13 15:55:04 - [MESSAGE][PASSED] - Object: 'Object Repository/Page_LOS Web HomePage/button_Description_btnUpdateLoan' is clicked on

2023-06-13 15:55:04 - [TEST_STEP][PASSED] - selectOptionByValue(findTestObject("Object Repository/Page_LOS Web HomePage/select_Recommendation Approval"), "2", true): All options with value '2' are selected in object 'Object Repository/Page_LOS Web HomePage/select_Recommendation Approval'  using regular expression

2023-06-13 15:55:06 - [MESSAGE][PASSED] - All options with value '2' are selected in object 'Object Repository/Page_LOS Web HomePage/select_Recommendation Approval'  using regular expression

2023-06-13 15:55:06 - [TEST_STEP][PASSED] - click(findTestObject("Object Repository/Page_LOS Web HomePage/button_Update")): Object: 'Object Repository/Page_LOS Web HomePage/button_Update' is clicked on

2023-06-13 15:55:07 - [MESSAGE][PASSED] - Object: 'Object Repository/Page_LOS Web HomePage/button_Update' is clicked on

2023-06-13 15:55:07 - [TEST_STEP][PASSED] - acceptAlert(): Alert accepted

2023-06-13 15:55:07 - [MESSAGE][PASSED] - Alert accepted

2023-06-13 15:55:07 - [TEST_STEP][PASSED] - acceptAlert(): Alert accepted

2023-06-13 15:55:07 - [MESSAGE][PASSED] - Alert accepted

2023-06-13 15:55:07 - [TEST_STEP][PASSED] - delay(5): Delayed 5 second(s)

2023-06-13 15:55:12 - [MESSAGE][PASSED] - Delayed 5 second(s)]]></system-out>
         <system-err><![CDATA[]]></system-err>
      </testcase>
      <testcase name="Test Cases/LOS RBI/Loan Matrix/Loan Amount/DELETE" time="15.456" classname="Test Cases/LOS RBI/Loan Matrix/Loan Amount/DELETE" status="PASSED">
         <system-out><![CDATA[2023-06-13 15:55:12 - [TEST_CASE][PASSED] - Test Cases/LOS RBI/Loan Matrix/Loan Amount/DELETE: Test Cases/LOS RBI/Loan Matrix/Loan Amount/DELETE

2023-06-13 15:55:13 - [TEST_STEP][PASSED] - setText(findTestObject("Object Repository/Page_LOS Web HomePage/input_search"), "Super"): Text 'Super' is set on object 'Object Repository/Page_LOS Web HomePage/input_search'

2023-06-13 15:55:14 - [MESSAGE][PASSED] - Text 'Super' is set on object 'Object Repository/Page_LOS Web HomePage/input_search'

2023-06-13 15:55:14 - [TEST_STEP][PASSED] - click(findTestObject("Object Repository/Page_LOS Web HomePage/button_Description_btnDeleteMatrix")): Object: 'Object Repository/Page_LOS Web HomePage/button_Description_btnDeleteMatrix' is clicked on

2023-06-13 15:55:15 - [MESSAGE][INFO] - Unable to find the element located by 'By.xpath: //button[@id='delMatrix_101,3588,90608,Super Admin,Approval']'. Please recheck the objects properties to make sure the desired element is located. 

2023-06-13 15:55:15 - [MESSAGE][WARNING] - [SELF-HEALING] Failed to find element with id 'Object Repository/Page_LOS Web HomePage/button_Description_btnDeleteMatrix'. Try using Self-healing.

2023-06-13 15:55:16 - [MESSAGE][WARNING] - [SELF-HEALING] The current locator of test object 'Object Repository/Page_LOS Web HomePage/button_Description_btnDeleteMatrix' was broken. Propose an alternative one: '(.//*[normalize-space(text()) and normalize-space(.)='Description'])[1]/following::button[2]'.

2023-06-13 15:55:16 - [MESSAGE][PASSED] - Object: 'Object Repository/Page_LOS Web HomePage/button_Description_btnDeleteMatrix' is clicked on

2023-06-13 15:55:16 - [TEST_STEP][PASSED] - acceptAlert(): Alert accepted

2023-06-13 15:55:16 - [MESSAGE][PASSED] - Alert accepted

2023-06-13 15:55:16 - [TEST_STEP][PASSED] - acceptAlert(): Alert accepted

2023-06-13 15:55:16 - [MESSAGE][PASSED] - Alert accepted

2023-06-13 15:55:16 - [TEST_STEP][PASSED] - delay(5): Delayed 5 second(s)

2023-06-13 15:55:21 - [MESSAGE][PASSED] - Delayed 5 second(s)

2023-06-13 15:55:21 - [TEST_STEP][PASSED] - setText(findTestObject("Object Repository/Page_LOS Web HomePage/input_search"), "super"): Text 'super' is set on object 'Object Repository/Page_LOS Web HomePage/input_search'

2023-06-13 15:55:22 - [MESSAGE][PASSED] - Text 'super' is set on object 'Object Repository/Page_LOS Web HomePage/input_search'

2023-06-13 15:55:22 - [TEST_STEP][PASSED] - delay(5): Delayed 5 second(s)

2023-06-13 15:55:27 - [MESSAGE][PASSED] - Delayed 5 second(s)]]></system-out>
         <system-err><![CDATA[]]></system-err>
      </testcase>
      <testcase name="Test Cases/LOS RBI/Logout" time="3.035" classname="Test Cases/LOS RBI/Logout" status="PASSED">
         <system-out><![CDATA[2023-06-13 15:55:27 - [TEST_CASE][PASSED] - Test Cases/LOS RBI/Logout: Test Cases/LOS RBI/Logout

2023-06-13 15:55:28 - [TEST_STEP][PASSED] - click(findTestObject("Object Repository/Page_LOS Web HomePage/a_Logout")): Object: 'Object Repository/Page_LOS Web HomePage/a_Logout' is clicked on

2023-06-13 15:55:29 - [MESSAGE][PASSED] - Object: 'Object Repository/Page_LOS Web HomePage/a_Logout' is clicked on

2023-06-13 15:55:29 - [TEST_STEP][PASSED] - click(findTestObject("Object Repository/Page_LOS Web HomePage/a_Logout_1")): Object: 'Object Repository/Page_LOS Web HomePage/a_Logout_1' is clicked on

2023-06-13 15:55:30 - [MESSAGE][PASSED] - Object: 'Object Repository/Page_LOS Web HomePage/a_Logout_1' is clicked on]]></system-out>
         <system-err><![CDATA[]]></system-err>
      </testcase>
      <system-out><![CDATA[2023-06-13 15:54:26 - [TEST_SUITE][PASSED] - LOS-WEB Full Cycle: Test Cases/LOS RBI/Logout]]></system-out>
      <system-err><![CDATA[]]></system-err>
   </testsuite>
</testsuites>
