<?xml version="1.0" encoding="UTF-8"?>
<testsuites name="LOS-WEB (RBI) Full Cycle" time="16.209" tests="2" failures="0" errors="0">
   <testsuite name="LOS-WEB (RBI) Full Cycle" tests="2" failures="0" errors="0" time="16.209" skipped="0" timestamp="2023-06-08 14:02:25" hostname="a.miranda.local - cmit-amiranda" id="Test Suites/LOS-WEB (RBI) Full Cycle">
      <properties>
         <property name="deviceName" value=""/>
         <property name="devicePlatform" value=""/>
         <property name="logFolder" value="C:\\Users\\mri-user\\git\\LOS-WEB\\Reports\\20230608_140214\\LOS-WEB (RBI) Full Cycle\\20230608_140214"/>
         <property name="logFiles" value="C:\\Users\\mri-user\\git\\LOS-WEB\\Reports\\20230608_140214\\LOS-WEB (RBI) Full Cycle\\20230608_140214\\execution0.log"/>
         <property name="attachments" value=""/>
         <property name="hostName" value="a.miranda.local - cmit-amiranda"/>
         <property name="os" value="Windows 10 64bit"/>
         <property name="katalonVersion" value="8.6.0.208"/>
         <property name="browser" value="Chrome 114.0.0.0"/>
         <property name="hostAddress" value="10.200.54.69"/>
         <property name="sessionId" value="35839181ca7c13f3cc7ed64313991de6"/>
         <property name="seleniumVersion" value="3.141.59"/>
         <property name="proxyInformation" value="ProxyInformation { proxyOption=NO_PROXY, proxyServerType=HTTP, username=, password=********, proxyServerAddress=, proxyServerPort=0, executionList=&quot;&quot;, isApplyToDesiredCapabilities=true }"/>
         <property name="platform" value="Windows 10"/>
      </properties>
      <testcase name="Test Cases/Login" time="13.46" classname="Test Cases/Login" status="PASSED">
         <system-out><![CDATA[2023-06-08 14:02:25 - [TEST_CASE][PASSED] - Test Cases/Login: Test Cases/Login

2023-06-08 14:02:25 - [TEST_STEP][PASSED] - openBrowser(""): Browser is opened with url: ''

2023-06-08 14:02:25 - [MESSAGE][INFO] - Starting 'Chrome' driver

2023-06-08 14:02:25 - [MESSAGE][INFO] - Action delay is set to 0 milliseconds

2023-06-08 14:02:28 - [MESSAGE][PASSED] - Browser is opened with url: ''

2023-06-08 14:02:28 - [TEST_STEP][PASSED] - navigateToUrl("https://losrbitest.cardmri.com:8446/LOSWEB/login"): Navigate to 'https://losrbitest.cardmri.com:8446/LOSWEB/login' successfully

2023-06-08 14:02:29 - [MESSAGE][PASSED] - Navigate to 'https://losrbitest.cardmri.com:8446/LOSWEB/login' successfully

2023-06-08 14:02:29 - [TEST_STEP][PASSED] - click(findTestObject("Object Repository/Page_LOS Web - Login/label_Username")): Object: 'Object Repository/Page_LOS Web - Login/label_Username' is clicked on

2023-06-08 14:02:29 - [MESSAGE][PASSED] - Object: 'Object Repository/Page_LOS Web - Login/label_Username' is clicked on

2023-06-08 14:02:29 - [TEST_STEP][PASSED] - setText(findTestObject("Object Repository/Page_LOS Web - Login/input_LOAN ORIGINATION SYSTEM (LOS) Web_userName"), "vfvillaceran"): Text 'vfvillaceran' is set on object 'Object Repository/Page_LOS Web - Login/input_LOAN ORIGINATION SYSTEM (LOS) Web_userName'

2023-06-08 14:02:30 - [MESSAGE][PASSED] - Text 'vfvillaceran' is set on object 'Object Repository/Page_LOS Web - Login/input_LOAN ORIGINATION SYSTEM (LOS) Web_userName'

2023-06-08 14:02:30 - [TEST_STEP][PASSED] - setEncryptedText(findTestObject("Object Repository/Page_LOS Web - Login/input_Username_userPass"), "n8hQ3tKcmLG0jssBracaYQ=="): Text ****** has been set on object 'Object Repository/Page_LOS Web - Login/input_Username_userPass'

2023-06-08 14:02:31 - [MESSAGE][PASSED] - Text ****** has been set on object 'Object Repository/Page_LOS Web - Login/input_Username_userPass'

2023-06-08 14:02:31 - [TEST_STEP][PASSED] - click(findTestObject("Object Repository/Page_LOS Web - Login/button_Login")): Object: 'Object Repository/Page_LOS Web - Login/button_Login' is clicked on

2023-06-08 14:02:33 - [MESSAGE][PASSED] - Object: 'Object Repository/Page_LOS Web - Login/button_Login' is clicked on

2023-06-08 14:02:33 - [TEST_STEP][PASSED] - delay(5): Delayed 5 second(s)

2023-06-08 14:02:38 - [MESSAGE][PASSED] - Delayed 5 second(s)]]></system-out>
         <system-err><![CDATA[]]></system-err>
      </testcase>
      <testcase name="Test Cases/Logout" time="2.5" classname="Test Cases/Logout" status="PASSED">
         <system-out><![CDATA[2023-06-08 14:02:38 - [TEST_CASE][PASSED] - Test Cases/Logout: Test Cases/Logout

2023-06-08 14:02:39 - [TEST_STEP][PASSED] - click(findTestObject("Object Repository/Page_LOS Web HomePage/a_Logout")): Object: 'Object Repository/Page_LOS Web HomePage/a_Logout' is clicked on

2023-06-08 14:02:39 - [MESSAGE][PASSED] - Object: 'Object Repository/Page_LOS Web HomePage/a_Logout' is clicked on

2023-06-08 14:02:39 - [TEST_STEP][PASSED] - click(findTestObject("Object Repository/Page_LOS Web HomePage/a_Logout_1")): Object: 'Object Repository/Page_LOS Web HomePage/a_Logout_1' is clicked on

2023-06-08 14:02:41 - [MESSAGE][PASSED] - Object: 'Object Repository/Page_LOS Web HomePage/a_Logout_1' is clicked on]]></system-out>
         <system-err><![CDATA[]]></system-err>
      </testcase>
      <system-out><![CDATA[2023-06-08 14:02:25 - [TEST_SUITE][PASSED] - LOS-WEB (RBI) Full Cycle: Test Cases/Logout]]></system-out>
      <system-err><![CDATA[]]></system-err>
   </testsuite>
</testsuites>
