<?xml version="1.0" encoding="UTF-8"?>
<testsuites name="LOS-WEB Full Cycle" time="109.787" tests="6" failures="0" errors="0">
   <testsuite name="LOS-WEB Full Cycle" tests="6" failures="0" errors="0" time="109.787" skipped="0" timestamp="2023-06-13 15:27:33" hostname="a.miranda.local - cmit-amiranda" id="Test Suites/LOS-WEB Full Cycle">
      <properties>
         <property name="deviceName" value=""/>
         <property name="devicePlatform" value=""/>
         <property name="logFolder" value="C:\\Users\\mri-user\\git\\LOS-WEB\\Reports\\20230613_152721\\LOS-WEB Full Cycle\\20230613_152721"/>
         <property name="logFiles" value="C:\\Users\\mri-user\\git\\LOS-WEB\\Reports\\20230613_152721\\LOS-WEB Full Cycle\\20230613_152721\\execution0.log"/>
         <property name="attachments" value=""/>
         <property name="hostName" value="a.miranda.local - cmit-amiranda"/>
         <property name="os" value="Windows 10 64bit"/>
         <property name="katalonVersion" value="8.6.0.208"/>
         <property name="browser" value="Chrome 114.0.0.0"/>
         <property name="hostAddress" value="10.200.54.69"/>
         <property name="sessionId" value="b614be4827b8ab789caa3d992e89de28"/>
         <property name="seleniumVersion" value="3.141.59"/>
         <property name="proxyInformation" value="ProxyInformation { proxyOption=NO_PROXY, proxyServerType=HTTP, username=, password=********, proxyServerAddress=, proxyServerPort=0, executionList=&quot;&quot;, isApplyToDesiredCapabilities=true }"/>
         <property name="platform" value="Windows 10"/>
      </properties>
      <testcase name="Test Cases/LOS RBI/Login" time="21.586" classname="Test Cases/LOS RBI/Login" status="PASSED">
         <system-out><![CDATA[2023-06-13 15:27:33 - [TEST_CASE][PASSED] - Test Cases/LOS RBI/Login: Test Cases/LOS RBI/Login

2023-06-13 15:27:34 - [TEST_STEP][PASSED] - openBrowser(""): Browser is opened with url: ''

2023-06-13 15:27:34 - [MESSAGE][INFO] - Starting 'Chrome' driver

2023-06-13 15:27:34 - [MESSAGE][INFO] - Action delay is set to 0 milliseconds

2023-06-13 15:27:44 - [MESSAGE][PASSED] - Browser is opened with url: ''

2023-06-13 15:27:44 - [TEST_STEP][PASSED] - maximizeWindow(): Current window maximized

2023-06-13 15:27:44 - [MESSAGE][PASSED] - Current window maximized

2023-06-13 15:27:44 - [TEST_STEP][PASSED] - navigateToUrl(URL): Navigate to 'https://losrbitest.cardmri.com:8446/LOSWEB/login' successfully

2023-06-13 15:27:45 - [MESSAGE][PASSED] - Navigate to 'https://losrbitest.cardmri.com:8446/LOSWEB/login' successfully

2023-06-13 15:27:45 - [TEST_STEP][PASSED] - click(findTestObject("Object Repository/Page_LOS Web - Login/label_Username")): Object: 'Object Repository/Page_LOS Web - Login/label_Username' is clicked on

2023-06-13 15:27:46 - [MESSAGE][PASSED] - Object: 'Object Repository/Page_LOS Web - Login/label_Username' is clicked on

2023-06-13 15:27:46 - [TEST_STEP][PASSED] - setText(findTestObject("Object Repository/Page_LOS Web - Login/input_LOAN ORIGINATION SYSTEM (LOS) Web_userName"), USERNAME): Text 'vfvillaceran' is set on object 'Object Repository/Page_LOS Web - Login/input_LOAN ORIGINATION SYSTEM (LOS) Web_userName'

2023-06-13 15:27:47 - [MESSAGE][PASSED] - Text 'vfvillaceran' is set on object 'Object Repository/Page_LOS Web - Login/input_LOAN ORIGINATION SYSTEM (LOS) Web_userName'

2023-06-13 15:27:47 - [TEST_STEP][PASSED] - setEncryptedText(findTestObject("Object Repository/Page_LOS Web - Login/input_Username_userPass"), PASSWORD): Text ****** has been set on object 'Object Repository/Page_LOS Web - Login/input_Username_userPass'

2023-06-13 15:27:47 - [MESSAGE][PASSED] - Text ****** has been set on object 'Object Repository/Page_LOS Web - Login/input_Username_userPass'

2023-06-13 15:27:47 - [TEST_STEP][PASSED] - click(findTestObject("Object Repository/Page_LOS Web - Login/button_Login")): Object: 'Object Repository/Page_LOS Web - Login/button_Login' is clicked on

2023-06-13 15:27:50 - [MESSAGE][PASSED] - Object: 'Object Repository/Page_LOS Web - Login/button_Login' is clicked on

2023-06-13 15:27:50 - [TEST_STEP][PASSED] - delay(5): Delayed 5 second(s)

2023-06-13 15:27:55 - [MESSAGE][PASSED] - Delayed 5 second(s)]]></system-out>
         <system-err><![CDATA[]]></system-err>
      </testcase>
      <testcase name="Test Cases/LOS RBI/Dashboard/CID and view ePN" time="25.316" classname="Test Cases/LOS RBI/Dashboard/CID and view ePN" status="PASSED">
         <system-out><![CDATA[2023-06-13 15:27:55 - [TEST_CASE][PASSED] - Test Cases/LOS RBI/Dashboard/CID and view ePN: Test Cases/LOS RBI/Dashboard/CID and view ePN

2023-06-13 15:27:56 - [TEST_STEP][PASSED] - setText(findTestObject("Object Repository/Page_LOS Web HomePage/input_Thursday, June 8, 2023_txtSearchCID"), "1030091995"): Text '1030091995' is set on object 'Object Repository/Page_LOS Web HomePage/input_Thursday, June 8, 2023_txtSearchCID'

2023-06-13 15:27:57 - [MESSAGE][PASSED] - Text '1030091995' is set on object 'Object Repository/Page_LOS Web HomePage/input_Thursday, June 8, 2023_txtSearchCID'

2023-06-13 15:27:57 - [TEST_STEP][PASSED] - click(findTestObject("Object Repository/Page_LOS Web HomePage/button_Search")): Object: 'Object Repository/Page_LOS Web HomePage/button_Search' is clicked on

2023-06-13 15:27:58 - [MESSAGE][PASSED] - Object: 'Object Repository/Page_LOS Web HomePage/button_Search' is clicked on

2023-06-13 15:27:58 - [TEST_STEP][PASSED] - delay(3): Delayed 3 second(s)

2023-06-13 15:28:01 - [MESSAGE][PASSED] - Delayed 3 second(s)

2023-06-13 15:28:01 - [TEST_STEP][PASSED] - scrollToPosition(0, 150): Browser is scrolled to position x = 0, y = 150

2023-06-13 15:28:01 - [MESSAGE][PASSED] - Browser is scrolled to position x = 0, y = 150

2023-06-13 15:28:01 - [TEST_STEP][PASSED] - delay(3): Delayed 3 second(s)

2023-06-13 15:28:04 - [MESSAGE][PASSED] - Delayed 3 second(s)

2023-06-13 15:28:04 - [TEST_STEP][PASSED] - click(findTestObject("Object Repository/Page_LOS Web HomePage/a_64e443173f8090c620230605085556467")): Object: 'Object Repository/Page_LOS Web HomePage/a_64e443173f8090c620230605085556467' is clicked on

2023-06-13 15:28:05 - [MESSAGE][PASSED] - Object: 'Object Repository/Page_LOS Web HomePage/a_64e443173f8090c620230605085556467' is clicked on

2023-06-13 15:28:05 - [TEST_STEP][PASSED] - delay(10): Delayed 10 second(s)

2023-06-13 15:28:15 - [MESSAGE][PASSED] - Delayed 10 second(s)

2023-06-13 15:28:15 - [TEST_STEP][PASSED] - switchToWindowIndex(0): Switched to window with index: '0'

2023-06-13 15:28:15 - [MESSAGE][PASSED] - Switched to window with index: '0'

2023-06-13 15:28:15 - [TEST_STEP][PASSED] - delay(5): Delayed 5 second(s)

2023-06-13 15:28:20 - [MESSAGE][PASSED] - Delayed 5 second(s)]]></system-out>
         <system-err><![CDATA[]]></system-err>
      </testcase>
      <testcase name="Test Cases/LOS RBI/Loan Matrix/Loan Amount/ADD" time="22.414" classname="Test Cases/LOS RBI/Loan Matrix/Loan Amount/ADD" status="PASSED">
         <system-out><![CDATA[2023-06-13 15:28:20 - [TEST_CASE][PASSED] - Test Cases/LOS RBI/Loan Matrix/Loan Amount/ADD: Test Cases/LOS RBI/Loan Matrix/Loan Amount/ADD

2023-06-13 15:28:21 - [TEST_STEP][PASSED] - MinLa = new java.util.Random(): null

2023-06-13 15:28:21 - [TEST_STEP][PASSED] - MinimumLA = MinLa.nextInt(9000) + 1000: null

2023-06-13 15:28:21 - [TEST_STEP][PASSED] - MaxLa = new java.util.Random(): null

2023-06-13 15:28:21 - [TEST_STEP][PASSED] - MaximumLA = MaxLa.nextInt(90000) + 10000: null

2023-06-13 15:28:21 - [TEST_STEP][PASSED] - click(findTestObject("Object Repository/Page_LOS Web HomePage/a_Loan Matrix")): Object: 'Object Repository/Page_LOS Web HomePage/a_Loan Matrix' is clicked on

2023-06-13 15:28:22 - [MESSAGE][PASSED] - Object: 'Object Repository/Page_LOS Web HomePage/a_Loan Matrix' is clicked on

2023-06-13 15:28:22 - [TEST_STEP][PASSED] - click(findTestObject("Object Repository/Page_LOS Web HomePage/span_Loan Amount Matrix")): Object: 'Object Repository/Page_LOS Web HomePage/span_Loan Amount Matrix' is clicked on

2023-06-13 15:28:23 - [MESSAGE][PASSED] - Object: 'Object Repository/Page_LOS Web HomePage/span_Loan Amount Matrix' is clicked on

2023-06-13 15:28:23 - [TEST_STEP][PASSED] - click(findTestObject("Object Repository/Page_LOS Web HomePage/button_Add New Loan Matrix")): Object: 'Object Repository/Page_LOS Web HomePage/button_Add New Loan Matrix' is clicked on

2023-06-13 15:28:24 - [MESSAGE][PASSED] - Object: 'Object Repository/Page_LOS Web HomePage/button_Add New Loan Matrix' is clicked on

2023-06-13 15:28:24 - [TEST_STEP][PASSED] - setText(findTestObject("Page_LOS Web HomePage/input__txtMinAmount"), MinimumLA.toString()): Text '2091' is set on object 'Object Repository/Page_LOS Web HomePage/input__txtMinAmount'

2023-06-13 15:28:25 - [MESSAGE][PASSED] - Text '2091' is set on object 'Object Repository/Page_LOS Web HomePage/input__txtMinAmount'

2023-06-13 15:28:25 - [TEST_STEP][PASSED] - setText(findTestObject("Object Repository/Page_LOS Web HomePage/input_Minimum Amount_txtMaxAmount"), MaximumLA.toString()): Text '58625' is set on object 'Object Repository/Page_LOS Web HomePage/input_Minimum Amount_txtMaxAmount'

2023-06-13 15:28:27 - [MESSAGE][PASSED] - Text '58625' is set on object 'Object Repository/Page_LOS Web HomePage/input_Minimum Amount_txtMaxAmount'

2023-06-13 15:28:27 - [TEST_STEP][PASSED] - selectOptionByValue(findTestObject("Object Repository/Page_LOS Web HomePage/select_Please Select Role Account Officer S_1fb818"), "1016", true): All options with value '1016' are selected in object 'Object Repository/Page_LOS Web HomePage/select_Please Select Role Account Officer S_1fb818'  using regular expression

2023-06-13 15:28:29 - [MESSAGE][PASSED] - All options with value '1016' are selected in object 'Object Repository/Page_LOS Web HomePage/select_Please Select Role Account Officer S_1fb818'  using regular expression

2023-06-13 15:28:29 - [TEST_STEP][PASSED] - selectOptionByValue(findTestObject("Object Repository/Page_LOS Web HomePage/select_Please Select Action Recommendation _3b373a"), "1", true): All options with value '1' are selected in object 'Object Repository/Page_LOS Web HomePage/select_Please Select Action Recommendation _3b373a'  using regular expression

2023-06-13 15:28:31 - [MESSAGE][PASSED] - All options with value '1' are selected in object 'Object Repository/Page_LOS Web HomePage/select_Please Select Action Recommendation _3b373a'  using regular expression

2023-06-13 15:28:31 - [TEST_STEP][PASSED] - click(findTestObject("Object Repository/Page_LOS Web HomePage/button_Save")): Object: 'Object Repository/Page_LOS Web HomePage/button_Save' is clicked on

2023-06-13 15:28:31 - [MESSAGE][PASSED] - Object: 'Object Repository/Page_LOS Web HomePage/button_Save' is clicked on

2023-06-13 15:28:31 - [TEST_STEP][PASSED] - acceptAlert(): Alert accepted

2023-06-13 15:28:31 - [MESSAGE][PASSED] - Alert accepted

2023-06-13 15:28:31 - [TEST_STEP][PASSED] - acceptAlert(): Alert accepted

2023-06-13 15:28:31 - [MESSAGE][PASSED] - Alert accepted

2023-06-13 15:28:31 - [TEST_STEP][PASSED] - delay(5): Delayed 5 second(s)

2023-06-13 15:28:36 - [MESSAGE][PASSED] - Delayed 5 second(s)

2023-06-13 15:28:36 - [TEST_STEP][PASSED] - setText(findTestObject("Object Repository/Page_LOS Web HomePage/input_search"), "Super"): Text 'Super' is set on object 'Object Repository/Page_LOS Web HomePage/input_search'

2023-06-13 15:28:38 - [MESSAGE][PASSED] - Text 'Super' is set on object 'Object Repository/Page_LOS Web HomePage/input_search'

2023-06-13 15:28:38 - [TEST_STEP][PASSED] - delay(5): Delayed 5 second(s)

2023-06-13 15:28:43 - [MESSAGE][PASSED] - Delayed 5 second(s)]]></system-out>
         <system-err><![CDATA[]]></system-err>
      </testcase>
      <testcase name="Test Cases/LOS RBI/Loan Matrix/Loan Amount/EDIT" time="19.29" classname="Test Cases/LOS RBI/Loan Matrix/Loan Amount/EDIT" status="PASSED">
         <system-out><![CDATA[2023-06-13 15:28:43 - [TEST_CASE][PASSED] - Test Cases/LOS RBI/Loan Matrix/Loan Amount/EDIT: Test Cases/LOS RBI/Loan Matrix/Loan Amount/EDIT

2023-06-13 15:28:43 - [TEST_STEP][PASSED] - click(findTestObject("Object Repository/Page_LOS Web HomePage/a_Loan Matrix")): Object: 'Object Repository/Page_LOS Web HomePage/a_Loan Matrix' is clicked on

2023-06-13 15:28:44 - [MESSAGE][PASSED] - Object: 'Object Repository/Page_LOS Web HomePage/a_Loan Matrix' is clicked on

2023-06-13 15:28:44 - [TEST_STEP][PASSED] - click(findTestObject("Object Repository/Page_LOS Web HomePage/span_Loan Amount Matrix")): Object: 'Object Repository/Page_LOS Web HomePage/span_Loan Amount Matrix' is clicked on

2023-06-13 15:28:46 - [MESSAGE][PASSED] - Object: 'Object Repository/Page_LOS Web HomePage/span_Loan Amount Matrix' is clicked on

2023-06-13 15:28:46 - [TEST_STEP][PASSED] - setText(findTestObject("Object Repository/Page_LOS Web HomePage/input_search"), "super"): Text 'super' is set on object 'Object Repository/Page_LOS Web HomePage/input_search'

2023-06-13 15:28:47 - [MESSAGE][PASSED] - Text 'super' is set on object 'Object Repository/Page_LOS Web HomePage/input_search'

2023-06-13 15:28:47 - [TEST_STEP][PASSED] - click(findTestObject("Object Repository/Page_LOS Web HomePage/button_Description_btnUpdateLoan")): Object: 'Object Repository/Page_LOS Web HomePage/button_Description_btnUpdateLoan' is clicked on

2023-06-13 15:28:48 - [MESSAGE][PASSED] - Object: 'Object Repository/Page_LOS Web HomePage/button_Description_btnUpdateLoan' is clicked on

2023-06-13 15:28:48 - [TEST_STEP][PASSED] - selectOptionByValue(findTestObject("Object Repository/Page_LOS Web HomePage/select_Recommendation Approval"), "2", true): All options with value '2' are selected in object 'Object Repository/Page_LOS Web HomePage/select_Recommendation Approval'  using regular expression

2023-06-13 15:28:50 - [MESSAGE][PASSED] - All options with value '2' are selected in object 'Object Repository/Page_LOS Web HomePage/select_Recommendation Approval'  using regular expression

2023-06-13 15:28:50 - [TEST_STEP][PASSED] - click(findTestObject("Object Repository/Page_LOS Web HomePage/button_Update")): Object: 'Object Repository/Page_LOS Web HomePage/button_Update' is clicked on

2023-06-13 15:28:51 - [MESSAGE][PASSED] - Object: 'Object Repository/Page_LOS Web HomePage/button_Update' is clicked on

2023-06-13 15:28:51 - [TEST_STEP][PASSED] - acceptAlert(): Alert accepted

2023-06-13 15:28:51 - [MESSAGE][PASSED] - Alert accepted

2023-06-13 15:28:51 - [TEST_STEP][PASSED] - acceptAlert(): Alert accepted

2023-06-13 15:28:51 - [MESSAGE][PASSED] - Alert accepted

2023-06-13 15:28:51 - [TEST_STEP][PASSED] - delay(5): Delayed 5 second(s)

2023-06-13 15:28:56 - [MESSAGE][PASSED] - Delayed 5 second(s)

2023-06-13 15:28:56 - [TEST_STEP][PASSED] - setText(findTestObject("Object Repository/Page_LOS Web HomePage/input_search"), "super"): Text 'super' is set on object 'Object Repository/Page_LOS Web HomePage/input_search'

2023-06-13 15:28:57 - [MESSAGE][PASSED] - Text 'super' is set on object 'Object Repository/Page_LOS Web HomePage/input_search'

2023-06-13 15:28:57 - [TEST_STEP][PASSED] - delay(5): Delayed 5 second(s)

2023-06-13 15:29:02 - [MESSAGE][PASSED] - Delayed 5 second(s)]]></system-out>
         <system-err><![CDATA[]]></system-err>
      </testcase>
      <testcase name="Test Cases/LOS RBI/Loan Matrix/Loan Amount/DELETE" time="18.328" classname="Test Cases/LOS RBI/Loan Matrix/Loan Amount/DELETE" status="PASSED">
         <system-out><![CDATA[2023-06-13 15:29:02 - [TEST_CASE][PASSED] - Test Cases/LOS RBI/Loan Matrix/Loan Amount/DELETE: Test Cases/LOS RBI/Loan Matrix/Loan Amount/DELETE

2023-06-13 15:29:03 - [TEST_STEP][PASSED] - click(findTestObject("Object Repository/Page_LOS Web HomePage/a_Loan Matrix")): Object: 'Object Repository/Page_LOS Web HomePage/a_Loan Matrix' is clicked on

2023-06-13 15:29:04 - [MESSAGE][PASSED] - Object: 'Object Repository/Page_LOS Web HomePage/a_Loan Matrix' is clicked on

2023-06-13 15:29:04 - [TEST_STEP][PASSED] - click(findTestObject("Object Repository/Page_LOS Web HomePage/span_Loan Amount Matrix")): Object: 'Object Repository/Page_LOS Web HomePage/span_Loan Amount Matrix' is clicked on

2023-06-13 15:29:05 - [MESSAGE][PASSED] - Object: 'Object Repository/Page_LOS Web HomePage/span_Loan Amount Matrix' is clicked on

2023-06-13 15:29:05 - [TEST_STEP][PASSED] - setText(findTestObject("Object Repository/Page_LOS Web HomePage/input_search"), "Super"): Text 'Super' is set on object 'Object Repository/Page_LOS Web HomePage/input_search'

2023-06-13 15:29:06 - [MESSAGE][PASSED] - Text 'Super' is set on object 'Object Repository/Page_LOS Web HomePage/input_search'

2023-06-13 15:29:06 - [TEST_STEP][PASSED] - click(findTestObject("Object Repository/Page_LOS Web HomePage/button_Description_btnDeleteMatrix")): Object: 'Object Repository/Page_LOS Web HomePage/button_Description_btnDeleteMatrix' is clicked on

2023-06-13 15:29:07 - [MESSAGE][INFO] - Unable to find the element located by 'By.xpath: //button[@id='delMatrix_101,3588,90608,Super Admin,Approval']'. Please recheck the objects properties to make sure the desired element is located. 

2023-06-13 15:29:07 - [MESSAGE][WARNING] - [SELF-HEALING] Failed to find element with id 'Object Repository/Page_LOS Web HomePage/button_Description_btnDeleteMatrix'. Try using Self-healing.

2023-06-13 15:29:08 - [MESSAGE][INFO] - [SELF-HEALING] Failed Locator: '//button[@id='delMatrix_101,3588,90608,Super Admin,Approval']'.

2023-06-13 15:29:08 - [MESSAGE][INFO] - [SELF-HEALING] Working Locator: '//table[@id='datatable-keytable']/tbody/tr/td/button[2]'.

2023-06-13 15:29:09 - [MESSAGE][INFO] - [SELF-HEALING] Screenshot: C:/Users/mri-user/git/LOS-WEB/Reports/Self-healing/Object Repository/Page_LOS Web HomePage/button_Description_btnDeleteMatrix_idRelative.png

2023-06-13 15:29:09 - [MESSAGE][WARNING] - [SELF-HEALING] The current locator of test object 'Object Repository/Page_LOS Web HomePage/button_Description_btnDeleteMatrix' was broken. Propose an alternative one: '//table[@id='datatable-keytable']/tbody/tr/td/button[2]'.

2023-06-13 15:29:09 - [MESSAGE][PASSED] - Object: 'Object Repository/Page_LOS Web HomePage/button_Description_btnDeleteMatrix' is clicked on

2023-06-13 15:29:09 - [TEST_STEP][PASSED] - acceptAlert(): Alert accepted

2023-06-13 15:29:09 - [MESSAGE][PASSED] - Alert accepted

2023-06-13 15:29:09 - [TEST_STEP][PASSED] - acceptAlert(): Alert accepted

2023-06-13 15:29:09 - [MESSAGE][PASSED] - Alert accepted

2023-06-13 15:29:09 - [TEST_STEP][PASSED] - delay(5): Delayed 5 second(s)

2023-06-13 15:29:14 - [MESSAGE][PASSED] - Delayed 5 second(s)

2023-06-13 15:29:14 - [TEST_STEP][PASSED] - setText(findTestObject("Object Repository/Page_LOS Web HomePage/input_search"), "super"): Text 'super' is set on object 'Object Repository/Page_LOS Web HomePage/input_search'

2023-06-13 15:29:15 - [MESSAGE][PASSED] - Text 'super' is set on object 'Object Repository/Page_LOS Web HomePage/input_search'

2023-06-13 15:29:15 - [TEST_STEP][PASSED] - delay(5): Delayed 5 second(s)

2023-06-13 15:29:20 - [MESSAGE][PASSED] - Delayed 5 second(s)]]></system-out>
         <system-err><![CDATA[]]></system-err>
      </testcase>
      <testcase name="Test Cases/LOS RBI/Logout" time="2.46" classname="Test Cases/LOS RBI/Logout" status="PASSED">
         <system-out><![CDATA[2023-06-13 15:29:20 - [TEST_CASE][PASSED] - Test Cases/LOS RBI/Logout: Test Cases/LOS RBI/Logout

2023-06-13 15:29:21 - [TEST_STEP][PASSED] - click(findTestObject("Object Repository/Page_LOS Web HomePage/a_Logout")): Object: 'Object Repository/Page_LOS Web HomePage/a_Logout' is clicked on

2023-06-13 15:29:22 - [MESSAGE][PASSED] - Object: 'Object Repository/Page_LOS Web HomePage/a_Logout' is clicked on

2023-06-13 15:29:22 - [TEST_STEP][PASSED] - click(findTestObject("Object Repository/Page_LOS Web HomePage/a_Logout_1")): Object: 'Object Repository/Page_LOS Web HomePage/a_Logout_1' is clicked on

2023-06-13 15:29:23 - [MESSAGE][PASSED] - Object: 'Object Repository/Page_LOS Web HomePage/a_Logout_1' is clicked on]]></system-out>
         <system-err><![CDATA[]]></system-err>
      </testcase>
      <system-out><![CDATA[2023-06-13 15:27:33 - [TEST_SUITE][PASSED] - LOS-WEB Full Cycle: Test Cases/LOS RBI/Logout]]></system-out>
      <system-err><![CDATA[]]></system-err>
   </testsuite>
</testsuites>
