<?xml version="1.0" encoding="UTF-8"?>
<testsuites name="Try" time="58.546" tests="6" failures="0" errors="0">
   <testsuite name="Try" tests="6" failures="0" errors="0" time="58.546" skipped="0" timestamp="2023-06-09 17:02:45" hostname="a.miranda.local - cmit-amiranda" id="Test Suites/Try">
      <properties>
         <property name="deviceName" value=""/>
         <property name="devicePlatform" value=""/>
         <property name="logFolder" value="C:\\Users\\mri-user\\git\\LOS-WEB\\Reports\\20230609_170241\\Try\\20230609_170242"/>
         <property name="logFiles" value="C:\\Users\\mri-user\\git\\LOS-WEB\\Reports\\20230609_170241\\Try\\20230609_170242\\execution0.log"/>
         <property name="attachments" value=""/>
         <property name="hostName" value="a.miranda.local - cmit-amiranda"/>
         <property name="os" value="Windows 10 64bit"/>
         <property name="katalonVersion" value="8.6.0.208"/>
         <property name="browser" value="Chrome 114.0.0.0"/>
         <property name="hostAddress" value="10.200.54.69"/>
         <property name="sessionId" value="2f7e09fac817a32d14323d9bb3415340"/>
         <property name="seleniumVersion" value="3.141.59"/>
         <property name="proxyInformation" value="ProxyInformation { proxyOption=NO_PROXY, proxyServerType=HTTP, username=, password=********, proxyServerAddress=, proxyServerPort=0, executionList=&quot;&quot;, isApplyToDesiredCapabilities=true }"/>
         <property name="platform" value="Windows 10"/>
      </properties>
      <testcase name="Test Cases/LOS RBI/Loan Matrix/Loan Amount/ADD" time="21.658" classname="Test Cases/LOS RBI/Loan Matrix/Loan Amount/ADD" status="PASSED">
         <system-out><![CDATA[2023-06-09 17:02:45 - [TEST_CASE][PASSED] - Test Cases/LOS RBI/Loan Matrix/Loan Amount/ADD: Test Cases/LOS RBI/Loan Matrix/Loan Amount/ADD

2023-06-09 17:02:45 - [TEST_STEP][PASSED] - MinLa = new java.util.Random(): null

2023-06-09 17:02:45 - [TEST_STEP][PASSED] - MinimumLA = MinLa.nextInt(9000) + 1000: null

2023-06-09 17:02:45 - [TEST_STEP][PASSED] - MaxLa = new java.util.Random(): null

2023-06-09 17:02:45 - [TEST_STEP][PASSED] - MaximumLA = MaxLa.nextInt(90000) + 10000: null

2023-06-09 17:02:45 - [TEST_STEP][PASSED] - openBrowser(""): Browser is opened with url: ''

2023-06-09 17:02:46 - [MESSAGE][INFO] - Starting 'Chrome' driver

2023-06-09 17:02:46 - [MESSAGE][INFO] - Action delay is set to 0 milliseconds

2023-06-09 17:02:48 - [MESSAGE][PASSED] - Browser is opened with url: ''

2023-06-09 17:02:48 - [TEST_STEP][PASSED] - navigateToUrl("https://losrbitest.cardmri.com:8446/LOSWEB/login"): Navigate to 'https://losrbitest.cardmri.com:8446/LOSWEB/login' successfully

2023-06-09 17:02:48 - [MESSAGE][PASSED] - Navigate to 'https://losrbitest.cardmri.com:8446/LOSWEB/login' successfully

2023-06-09 17:02:48 - [TEST_STEP][PASSED] - click(findTestObject("Object Repository/Page_LOS Web - Login/label_Username")): Object: 'Object Repository/Page_LOS Web - Login/label_Username' is clicked on

2023-06-09 17:02:49 - [MESSAGE][PASSED] - Object: 'Object Repository/Page_LOS Web - Login/label_Username' is clicked on

2023-06-09 17:02:49 - [TEST_STEP][PASSED] - setText(findTestObject("Object Repository/Page_LOS Web - Login/input_LOAN ORIGINATION SYSTEM (LOS) Web_userName"), "vfvillaceran"): Text 'vfvillaceran' is set on object 'Object Repository/Page_LOS Web - Login/input_LOAN ORIGINATION SYSTEM (LOS) Web_userName'

2023-06-09 17:02:50 - [MESSAGE][PASSED] - Text 'vfvillaceran' is set on object 'Object Repository/Page_LOS Web - Login/input_LOAN ORIGINATION SYSTEM (LOS) Web_userName'

2023-06-09 17:02:50 - [TEST_STEP][PASSED] - setEncryptedText(findTestObject("Object Repository/Page_LOS Web - Login/input_Username_userPass"), "n8hQ3tKcmLG0jssBracaYQ=="): Text ****** has been set on object 'Object Repository/Page_LOS Web - Login/input_Username_userPass'

2023-06-09 17:02:50 - [MESSAGE][PASSED] - Text ****** has been set on object 'Object Repository/Page_LOS Web - Login/input_Username_userPass'

2023-06-09 17:02:50 - [TEST_STEP][PASSED] - click(findTestObject("Object Repository/Page_LOS Web - Login/button_Login")): Object: 'Object Repository/Page_LOS Web - Login/button_Login' is clicked on

2023-06-09 17:02:52 - [MESSAGE][PASSED] - Object: 'Object Repository/Page_LOS Web - Login/button_Login' is clicked on

2023-06-09 17:02:52 - [TEST_STEP][PASSED] - click(findTestObject("Object Repository/Page_LOS Web HomePage/a_Loan Matrix")): Object: 'Object Repository/Page_LOS Web HomePage/a_Loan Matrix' is clicked on

2023-06-09 17:02:53 - [MESSAGE][PASSED] - Object: 'Object Repository/Page_LOS Web HomePage/a_Loan Matrix' is clicked on

2023-06-09 17:02:53 - [TEST_STEP][PASSED] - click(findTestObject("Object Repository/Page_LOS Web HomePage/span_Loan Amount Matrix")): Object: 'Object Repository/Page_LOS Web HomePage/span_Loan Amount Matrix' is clicked on

2023-06-09 17:02:55 - [MESSAGE][PASSED] - Object: 'Object Repository/Page_LOS Web HomePage/span_Loan Amount Matrix' is clicked on

2023-06-09 17:02:55 - [TEST_STEP][PASSED] - click(findTestObject("Object Repository/Page_LOS Web HomePage/button_Add New Loan Matrix")): Object: 'Object Repository/Page_LOS Web HomePage/button_Add New Loan Matrix' is clicked on

2023-06-09 17:02:55 - [MESSAGE][PASSED] - Object: 'Object Repository/Page_LOS Web HomePage/button_Add New Loan Matrix' is clicked on

2023-06-09 17:02:55 - [TEST_STEP][PASSED] - setText(findTestObject("Page_LOS Web HomePage/input__txtMinAmount"), MinimumLA.toString()): Text '1349' is set on object 'Object Repository/Page_LOS Web HomePage/input__txtMinAmount'

2023-06-09 17:02:56 - [MESSAGE][PASSED] - Text '1349' is set on object 'Object Repository/Page_LOS Web HomePage/input__txtMinAmount'

2023-06-09 17:02:56 - [TEST_STEP][PASSED] - setText(findTestObject("Object Repository/Page_LOS Web HomePage/input_Minimum Amount_txtMaxAmount"), MaximumLA.toString()): Text '14441' is set on object 'Object Repository/Page_LOS Web HomePage/input_Minimum Amount_txtMaxAmount'

2023-06-09 17:02:57 - [MESSAGE][PASSED] - Text '14441' is set on object 'Object Repository/Page_LOS Web HomePage/input_Minimum Amount_txtMaxAmount'

2023-06-09 17:02:57 - [TEST_STEP][PASSED] - selectOptionByValue(findTestObject("Object Repository/Page_LOS Web HomePage/select_Please Select Role Account Officer S_1fb818"), "1016", true): All options with value '1016' are selected in object 'Object Repository/Page_LOS Web HomePage/select_Please Select Role Account Officer S_1fb818'  using regular expression

2023-06-09 17:02:59 - [MESSAGE][PASSED] - All options with value '1016' are selected in object 'Object Repository/Page_LOS Web HomePage/select_Please Select Role Account Officer S_1fb818'  using regular expression

2023-06-09 17:02:59 - [TEST_STEP][PASSED] - selectOptionByValue(findTestObject("Object Repository/Page_LOS Web HomePage/select_Please Select Action Recommendation _3b373a"), "1", true): All options with value '1' are selected in object 'Object Repository/Page_LOS Web HomePage/select_Please Select Action Recommendation _3b373a'  using regular expression

2023-06-09 17:03:01 - [MESSAGE][PASSED] - All options with value '1' are selected in object 'Object Repository/Page_LOS Web HomePage/select_Please Select Action Recommendation _3b373a'  using regular expression

2023-06-09 17:03:01 - [TEST_STEP][PASSED] - click(findTestObject("Object Repository/Page_LOS Web HomePage/button_Save")): Object: 'Object Repository/Page_LOS Web HomePage/button_Save' is clicked on

2023-06-09 17:03:01 - [MESSAGE][PASSED] - Object: 'Object Repository/Page_LOS Web HomePage/button_Save' is clicked on

2023-06-09 17:03:01 - [TEST_STEP][PASSED] - acceptAlert(): Alert accepted

2023-06-09 17:03:01 - [MESSAGE][PASSED] - Alert accepted

2023-06-09 17:03:01 - [TEST_STEP][PASSED] - acceptAlert(): Alert accepted

2023-06-09 17:03:02 - [MESSAGE][PASSED] - Alert accepted

2023-06-09 17:03:02 - [TEST_STEP][PASSED] - delay(5): Delayed 5 second(s)

2023-06-09 17:03:07 - [MESSAGE][PASSED] - Delayed 5 second(s)]]></system-out>
         <system-err><![CDATA[]]></system-err>
      </testcase>
      <testcase name="Test Cases/LOS RBI/Extra/Search" time="6.74" classname="Test Cases/LOS RBI/Extra/Search" status="PASSED">
         <system-out><![CDATA[2023-06-09 17:03:07 - [TEST_CASE][PASSED] - Test Cases/LOS RBI/Extra/Search: Test Cases/LOS RBI/Extra/Search

2023-06-09 17:03:07 - [TEST_STEP][PASSED] - setText(findTestObject("Object Repository/Page_LOS Web HomePage/input_search"), "Super"): Text 'Super' is set on object 'Object Repository/Page_LOS Web HomePage/input_search'

2023-06-09 17:03:08 - [MESSAGE][PASSED] - Text 'Super' is set on object 'Object Repository/Page_LOS Web HomePage/input_search'

2023-06-09 17:03:08 - [TEST_STEP][PASSED] - sendKeys(findTestObject("Object Repository/Page_LOS Web HomePage/input_search"), Keys.chord(ENTER)): Keys 'ENTER + ' sent to object: 'Object Repository/Page_LOS Web HomePage/input_search'

2023-06-09 17:03:08 - [MESSAGE][PASSED] - Keys 'ENTER + ' sent to object: 'Object Repository/Page_LOS Web HomePage/input_search'

2023-06-09 17:03:08 - [TEST_STEP][PASSED] - delay(5): Delayed 5 second(s)

2023-06-09 17:03:13 - [MESSAGE][PASSED] - Delayed 5 second(s)]]></system-out>
         <system-err><![CDATA[]]></system-err>
      </testcase>
      <testcase name="Test Cases/LOS RBI/Extra/LoanAmount" time="7.616" classname="Test Cases/LOS RBI/Extra/LoanAmount" status="PASSED">
         <system-out><![CDATA[2023-06-09 17:03:13 - [TEST_CASE][PASSED] - Test Cases/LOS RBI/Extra/LoanAmount: Test Cases/LOS RBI/Extra/LoanAmount

2023-06-09 17:03:14 - [TEST_STEP][PASSED] - MinLa = new java.util.Random(): null

2023-06-09 17:03:14 - [TEST_STEP][PASSED] - MinimumLA = MinLa.nextInt(9000) + 1000: null

2023-06-09 17:03:14 - [TEST_STEP][PASSED] - MaxLa = new java.util.Random(): null

2023-06-09 17:03:14 - [TEST_STEP][PASSED] - MaximumLA = MaxLa.nextInt(90000) + 10000: null

2023-06-09 17:03:14 - [TEST_STEP][PASSED] - click(findTestObject("Object Repository/Page_LOS Web HomePage/button_Add New Loan Matrix")): Object: 'Object Repository/Page_LOS Web HomePage/button_Add New Loan Matrix' is clicked on

2023-06-09 17:03:14 - [MESSAGE][PASSED] - Object: 'Object Repository/Page_LOS Web HomePage/button_Add New Loan Matrix' is clicked on

2023-06-09 17:03:14 - [TEST_STEP][PASSED] - setText(findTestObject("Page_LOS Web HomePage/input__txtMinAmount"), MinimumLA.toString()): Text '3799' is set on object 'Object Repository/Page_LOS Web HomePage/input__txtMinAmount'

2023-06-09 17:03:16 - [MESSAGE][PASSED] - Text '3799' is set on object 'Object Repository/Page_LOS Web HomePage/input__txtMinAmount'

2023-06-09 17:03:16 - [TEST_STEP][PASSED] - setText(findTestObject("Object Repository/Page_LOS Web HomePage/input_Minimum Amount_txtMaxAmount"), MaximumLA.toString()): Text '91717' is set on object 'Object Repository/Page_LOS Web HomePage/input_Minimum Amount_txtMaxAmount'

2023-06-09 17:03:17 - [MESSAGE][PASSED] - Text '91717' is set on object 'Object Repository/Page_LOS Web HomePage/input_Minimum Amount_txtMaxAmount'

2023-06-09 17:03:17 - [TEST_STEP][PASSED] - selectOptionByValue(findTestObject("Object Repository/Page_LOS Web HomePage/select_Please Select Role Account Officer S_1fb818"), "1016", true): All options with value '1016' are selected in object 'Object Repository/Page_LOS Web HomePage/select_Please Select Role Account Officer S_1fb818'  using regular expression

2023-06-09 17:03:19 - [MESSAGE][PASSED] - All options with value '1016' are selected in object 'Object Repository/Page_LOS Web HomePage/select_Please Select Role Account Officer S_1fb818'  using regular expression

2023-06-09 17:03:19 - [TEST_STEP][PASSED] - selectOptionByValue(findTestObject("Object Repository/Page_LOS Web HomePage/select_Please Select Action Recommendation _3b373a"), "1", true): All options with value '1' are selected in object 'Object Repository/Page_LOS Web HomePage/select_Please Select Action Recommendation _3b373a'  using regular expression

2023-06-09 17:03:20 - [MESSAGE][PASSED] - All options with value '1' are selected in object 'Object Repository/Page_LOS Web HomePage/select_Please Select Action Recommendation _3b373a'  using regular expression

2023-06-09 17:03:20 - [TEST_STEP][PASSED] - click(findTestObject("Object Repository/Page_LOS Web HomePage/button_Save")): Object: 'Object Repository/Page_LOS Web HomePage/button_Save' is clicked on

2023-06-09 17:03:21 - [MESSAGE][PASSED] - Object: 'Object Repository/Page_LOS Web HomePage/button_Save' is clicked on

2023-06-09 17:03:21 - [TEST_STEP][PASSED] - acceptAlert(): Alert accepted

2023-06-09 17:03:21 - [MESSAGE][PASSED] - Alert accepted

2023-06-09 17:03:21 - [TEST_STEP][PASSED] - acceptAlert(): Alert accepted

2023-06-09 17:03:21 - [MESSAGE][PASSED] - Alert accepted]]></system-out>
         <system-err><![CDATA[]]></system-err>
      </testcase>
      <testcase name="Test Cases/LOS RBI/Extra/Search" time="7.302" classname="Test Cases/LOS RBI/Extra/Search" status="PASSED">
         <system-out><![CDATA[2023-06-09 17:03:21 - [TEST_CASE][PASSED] - Test Cases/LOS RBI/Extra/Search: Test Cases/LOS RBI/Extra/Search

2023-06-09 17:03:21 - [TEST_STEP][PASSED] - setText(findTestObject("Object Repository/Page_LOS Web HomePage/input_search"), "Super"): Text 'Super' is set on object 'Object Repository/Page_LOS Web HomePage/input_search'

2023-06-09 17:03:23 - [MESSAGE][PASSED] - Text 'Super' is set on object 'Object Repository/Page_LOS Web HomePage/input_search'

2023-06-09 17:03:23 - [TEST_STEP][PASSED] - sendKeys(findTestObject("Object Repository/Page_LOS Web HomePage/input_search"), Keys.chord(ENTER)): Keys 'ENTER + ' sent to object: 'Object Repository/Page_LOS Web HomePage/input_search'

2023-06-09 17:03:23 - [MESSAGE][PASSED] - Keys 'ENTER + ' sent to object: 'Object Repository/Page_LOS Web HomePage/input_search'

2023-06-09 17:03:23 - [TEST_STEP][PASSED] - delay(5): Delayed 5 second(s)

2023-06-09 17:03:28 - [MESSAGE][PASSED] - Delayed 5 second(s)]]></system-out>
         <system-err><![CDATA[]]></system-err>
      </testcase>
      <testcase name="Test Cases/LOS RBI/Extra/LoanAmount" time="7.109" classname="Test Cases/LOS RBI/Extra/LoanAmount" status="PASSED">
         <system-out><![CDATA[2023-06-09 17:03:28 - [TEST_CASE][PASSED] - Test Cases/LOS RBI/Extra/LoanAmount: Test Cases/LOS RBI/Extra/LoanAmount

2023-06-09 17:03:28 - [TEST_STEP][PASSED] - MinLa = new java.util.Random(): null

2023-06-09 17:03:28 - [TEST_STEP][PASSED] - MinimumLA = MinLa.nextInt(9000) + 1000: null

2023-06-09 17:03:28 - [TEST_STEP][PASSED] - MaxLa = new java.util.Random(): null

2023-06-09 17:03:28 - [TEST_STEP][PASSED] - MaximumLA = MaxLa.nextInt(90000) + 10000: null

2023-06-09 17:03:28 - [TEST_STEP][PASSED] - click(findTestObject("Object Repository/Page_LOS Web HomePage/button_Add New Loan Matrix")): Object: 'Object Repository/Page_LOS Web HomePage/button_Add New Loan Matrix' is clicked on

2023-06-09 17:03:29 - [MESSAGE][PASSED] - Object: 'Object Repository/Page_LOS Web HomePage/button_Add New Loan Matrix' is clicked on

2023-06-09 17:03:29 - [TEST_STEP][PASSED] - setText(findTestObject("Page_LOS Web HomePage/input__txtMinAmount"), MinimumLA.toString()): Text '7238' is set on object 'Object Repository/Page_LOS Web HomePage/input__txtMinAmount'

2023-06-09 17:03:30 - [MESSAGE][PASSED] - Text '7238' is set on object 'Object Repository/Page_LOS Web HomePage/input__txtMinAmount'

2023-06-09 17:03:30 - [TEST_STEP][PASSED] - setText(findTestObject("Object Repository/Page_LOS Web HomePage/input_Minimum Amount_txtMaxAmount"), MaximumLA.toString()): Text '42081' is set on object 'Object Repository/Page_LOS Web HomePage/input_Minimum Amount_txtMaxAmount'

2023-06-09 17:03:31 - [MESSAGE][PASSED] - Text '42081' is set on object 'Object Repository/Page_LOS Web HomePage/input_Minimum Amount_txtMaxAmount'

2023-06-09 17:03:31 - [TEST_STEP][PASSED] - selectOptionByValue(findTestObject("Object Repository/Page_LOS Web HomePage/select_Please Select Role Account Officer S_1fb818"), "1016", true): All options with value '1016' are selected in object 'Object Repository/Page_LOS Web HomePage/select_Please Select Role Account Officer S_1fb818'  using regular expression

2023-06-09 17:03:33 - [MESSAGE][PASSED] - All options with value '1016' are selected in object 'Object Repository/Page_LOS Web HomePage/select_Please Select Role Account Officer S_1fb818'  using regular expression

2023-06-09 17:03:33 - [TEST_STEP][PASSED] - selectOptionByValue(findTestObject("Object Repository/Page_LOS Web HomePage/select_Please Select Action Recommendation _3b373a"), "1", true): All options with value '1' are selected in object 'Object Repository/Page_LOS Web HomePage/select_Please Select Action Recommendation _3b373a'  using regular expression

2023-06-09 17:03:35 - [MESSAGE][PASSED] - All options with value '1' are selected in object 'Object Repository/Page_LOS Web HomePage/select_Please Select Action Recommendation _3b373a'  using regular expression

2023-06-09 17:03:35 - [TEST_STEP][PASSED] - click(findTestObject("Object Repository/Page_LOS Web HomePage/button_Save")): Object: 'Object Repository/Page_LOS Web HomePage/button_Save' is clicked on

2023-06-09 17:03:35 - [MESSAGE][PASSED] - Object: 'Object Repository/Page_LOS Web HomePage/button_Save' is clicked on

2023-06-09 17:03:35 - [TEST_STEP][PASSED] - acceptAlert(): Alert accepted

2023-06-09 17:03:35 - [MESSAGE][PASSED] - Alert accepted

2023-06-09 17:03:35 - [TEST_STEP][PASSED] - acceptAlert(): Alert accepted

2023-06-09 17:03:35 - [MESSAGE][PASSED] - Alert accepted]]></system-out>
         <system-err><![CDATA[]]></system-err>
      </testcase>
      <testcase name="Test Cases/LOS RBI/Extra/Search" time="7.837" classname="Test Cases/LOS RBI/Extra/Search" status="PASSED">
         <system-out><![CDATA[2023-06-09 17:03:35 - [TEST_CASE][PASSED] - Test Cases/LOS RBI/Extra/Search: Test Cases/LOS RBI/Extra/Search

2023-06-09 17:03:35 - [TEST_STEP][PASSED] - setText(findTestObject("Object Repository/Page_LOS Web HomePage/input_search"), "Super"): Text 'Super' is set on object 'Object Repository/Page_LOS Web HomePage/input_search'

2023-06-09 17:03:37 - [MESSAGE][PASSED] - Text 'Super' is set on object 'Object Repository/Page_LOS Web HomePage/input_search'

2023-06-09 17:03:37 - [TEST_STEP][PASSED] - sendKeys(findTestObject("Object Repository/Page_LOS Web HomePage/input_search"), Keys.chord(ENTER)): Keys 'ENTER + ' sent to object: 'Object Repository/Page_LOS Web HomePage/input_search'

2023-06-09 17:03:38 - [MESSAGE][PASSED] - Keys 'ENTER + ' sent to object: 'Object Repository/Page_LOS Web HomePage/input_search'

2023-06-09 17:03:38 - [TEST_STEP][PASSED] - delay(5): Delayed 5 second(s)

2023-06-09 17:03:43 - [MESSAGE][PASSED] - Delayed 5 second(s)]]></system-out>
         <system-err><![CDATA[]]></system-err>
      </testcase>
      <system-out><![CDATA[2023-06-09 17:02:45 - [TEST_SUITE][PASSED] - Try: Test Cases/LOS RBI/Extra/Search]]></system-out>
      <system-err><![CDATA[]]></system-err>
   </testsuite>
</testsuites>
