<?xml version="1.0" encoding="UTF-8"?>
<testsuites name="LOS-WEB Full Cycle" time="65.551" tests="5" failures="0" errors="0">
   <testsuite name="LOS-WEB Full Cycle" tests="5" failures="0" errors="0" time="65.551" skipped="0" timestamp="2023-06-13 16:26:35" hostname="a.miranda.local - cmit-amiranda" id="Test Suites/LOS-WEB Full Cycle">
      <properties>
         <property name="deviceName" value=""/>
         <property name="devicePlatform" value=""/>
         <property name="logFolder" value="C:\\Users\\mri-user\\git\\LOS-WEB\\Reports\\20230613_162631\\LOS-WEB Full Cycle\\20230613_162632"/>
         <property name="logFiles" value="C:\\Users\\mri-user\\git\\LOS-WEB\\Reports\\20230613_162631\\LOS-WEB Full Cycle\\20230613_162632\\execution0.log"/>
         <property name="attachments" value=""/>
         <property name="hostName" value="a.miranda.local - cmit-amiranda"/>
         <property name="os" value="Windows 10 64bit"/>
         <property name="katalonVersion" value="8.6.0.208"/>
         <property name="browser" value="Chrome 114.0.0.0"/>
         <property name="hostAddress" value="10.200.54.69"/>
         <property name="sessionId" value="4ff6385e7ecaf1ddf734e8a7045f9cdc"/>
         <property name="seleniumVersion" value="3.141.59"/>
         <property name="proxyInformation" value="ProxyInformation { proxyOption=NO_PROXY, proxyServerType=HTTP, username=, password=********, proxyServerAddress=, proxyServerPort=0, executionList=&quot;&quot;, isApplyToDesiredCapabilities=true }"/>
         <property name="platform" value="Windows 10"/>
      </properties>
      <testcase name="Test Cases/LOS RBI/Login" time="14.857" classname="Test Cases/LOS RBI/Login" status="PASSED">
         <system-out><![CDATA[2023-06-13 16:26:35 - [TEST_CASE][PASSED] - Test Cases/LOS RBI/Login: Test Cases/LOS RBI/Login

2023-06-13 16:26:35 - [TEST_STEP][PASSED] - openBrowser(""): Browser is opened with url: ''

2023-06-13 16:26:35 - [MESSAGE][INFO] - Starting 'Chrome' driver

2023-06-13 16:26:35 - [MESSAGE][INFO] - Action delay is set to 0 milliseconds

2023-06-13 16:26:38 - [MESSAGE][PASSED] - Browser is opened with url: ''

2023-06-13 16:26:38 - [TEST_STEP][PASSED] - maximizeWindow(): Current window maximized

2023-06-13 16:26:38 - [MESSAGE][PASSED] - Current window maximized

2023-06-13 16:26:38 - [TEST_STEP][PASSED] - navigateToUrl(URL): Navigate to 'https://losrbitest.cardmri.com:8446/LOSWEB/login' successfully

2023-06-13 16:26:39 - [MESSAGE][PASSED] - Navigate to 'https://losrbitest.cardmri.com:8446/LOSWEB/login' successfully

2023-06-13 16:26:39 - [TEST_STEP][PASSED] - click(findTestObject("Object Repository/Page_LOS Web - Login/label_Username")): Object: 'Object Repository/Page_LOS Web - Login/label_Username' is clicked on

2023-06-13 16:26:40 - [MESSAGE][PASSED] - Object: 'Object Repository/Page_LOS Web - Login/label_Username' is clicked on

2023-06-13 16:26:40 - [TEST_STEP][PASSED] - setText(findTestObject("Object Repository/Page_LOS Web - Login/input_LOAN ORIGINATION SYSTEM (LOS) Web_userName"), USERNAME): Text 'vfvillaceran' is set on object 'Object Repository/Page_LOS Web - Login/input_LOAN ORIGINATION SYSTEM (LOS) Web_userName'

2023-06-13 16:26:41 - [MESSAGE][PASSED] - Text 'vfvillaceran' is set on object 'Object Repository/Page_LOS Web - Login/input_LOAN ORIGINATION SYSTEM (LOS) Web_userName'

2023-06-13 16:26:41 - [TEST_STEP][PASSED] - setEncryptedText(findTestObject("Object Repository/Page_LOS Web - Login/input_Username_userPass"), PASSWORD): Text ****** has been set on object 'Object Repository/Page_LOS Web - Login/input_Username_userPass'

2023-06-13 16:26:42 - [MESSAGE][PASSED] - Text ****** has been set on object 'Object Repository/Page_LOS Web - Login/input_Username_userPass'

2023-06-13 16:26:42 - [TEST_STEP][PASSED] - click(findTestObject("Object Repository/Page_LOS Web - Login/button_Login")): Object: 'Object Repository/Page_LOS Web - Login/button_Login' is clicked on

2023-06-13 16:26:45 - [MESSAGE][PASSED] - Object: 'Object Repository/Page_LOS Web - Login/button_Login' is clicked on

2023-06-13 16:26:45 - [TEST_STEP][PASSED] - delay(5): Delayed 5 second(s)

2023-06-13 16:26:50 - [MESSAGE][PASSED] - Delayed 5 second(s)]]></system-out>
         <system-err><![CDATA[]]></system-err>
      </testcase>
      <testcase name="Test Cases/LOS RBI/Loan Matrix/Loan Amount/ADD" time="21.533" classname="Test Cases/LOS RBI/Loan Matrix/Loan Amount/ADD" status="PASSED">
         <system-out><![CDATA[2023-06-13 16:26:50 - [TEST_CASE][PASSED] - Test Cases/LOS RBI/Loan Matrix/Loan Amount/ADD: Test Cases/LOS RBI/Loan Matrix/Loan Amount/ADD

2023-06-13 16:26:50 - [TEST_STEP][PASSED] - MinLa = new java.util.Random(): null

2023-06-13 16:26:50 - [TEST_STEP][PASSED] - MinimumLA = MinLa.nextInt(9000) + 1000: null

2023-06-13 16:26:50 - [TEST_STEP][PASSED] - MaxLa = new java.util.Random(): null

2023-06-13 16:26:50 - [TEST_STEP][PASSED] - MaximumLA = MaxLa.nextInt(90000) + 10000: null

2023-06-13 16:26:50 - [TEST_STEP][PASSED] - click(findTestObject("Object Repository/Page_LOS Web HomePage/a_Loan Matrix")): Object: 'Object Repository/Page_LOS Web HomePage/a_Loan Matrix' is clicked on

2023-06-13 16:26:51 - [MESSAGE][PASSED] - Object: 'Object Repository/Page_LOS Web HomePage/a_Loan Matrix' is clicked on

2023-06-13 16:26:51 - [TEST_STEP][PASSED] - click(findTestObject("Object Repository/Page_LOS Web HomePage/span_Loan Amount Matrix")): Object: 'Object Repository/Page_LOS Web HomePage/span_Loan Amount Matrix' is clicked on

2023-06-13 16:26:52 - [MESSAGE][PASSED] - Object: 'Object Repository/Page_LOS Web HomePage/span_Loan Amount Matrix' is clicked on

2023-06-13 16:26:52 - [TEST_STEP][PASSED] - click(findTestObject("Object Repository/Page_LOS Web HomePage/button_Add New Loan Matrix")): Object: 'Object Repository/Page_LOS Web HomePage/button_Add New Loan Matrix' is clicked on

2023-06-13 16:26:53 - [MESSAGE][PASSED] - Object: 'Object Repository/Page_LOS Web HomePage/button_Add New Loan Matrix' is clicked on

2023-06-13 16:26:53 - [TEST_STEP][PASSED] - setText(findTestObject("Page_LOS Web HomePage/input__txtMinAmount"), MinimumLA.toString()): Text '8449' is set on object 'Object Repository/Page_LOS Web HomePage/input__txtMinAmount'

2023-06-13 16:26:54 - [MESSAGE][PASSED] - Text '8449' is set on object 'Object Repository/Page_LOS Web HomePage/input__txtMinAmount'

2023-06-13 16:26:54 - [TEST_STEP][PASSED] - setText(findTestObject("Object Repository/Page_LOS Web HomePage/input_Minimum Amount_txtMaxAmount"), MaximumLA.toString()): Text '48731' is set on object 'Object Repository/Page_LOS Web HomePage/input_Minimum Amount_txtMaxAmount'

2023-06-13 16:26:55 - [MESSAGE][PASSED] - Text '48731' is set on object 'Object Repository/Page_LOS Web HomePage/input_Minimum Amount_txtMaxAmount'

2023-06-13 16:26:55 - [TEST_STEP][PASSED] - selectOptionByValue(findTestObject("Object Repository/Page_LOS Web HomePage/select_Please Select Role Account Officer S_1fb818"), "1016", true): All options with value '1016' are selected in object 'Object Repository/Page_LOS Web HomePage/select_Please Select Role Account Officer S_1fb818'  using regular expression

2023-06-13 16:26:57 - [MESSAGE][PASSED] - All options with value '1016' are selected in object 'Object Repository/Page_LOS Web HomePage/select_Please Select Role Account Officer S_1fb818'  using regular expression

2023-06-13 16:26:57 - [TEST_STEP][PASSED] - selectOptionByValue(findTestObject("Object Repository/Page_LOS Web HomePage/select_Please Select Action Recommendation _3b373a"), "1", true): All options with value '1' are selected in object 'Object Repository/Page_LOS Web HomePage/select_Please Select Action Recommendation _3b373a'  using regular expression

2023-06-13 16:26:59 - [MESSAGE][PASSED] - All options with value '1' are selected in object 'Object Repository/Page_LOS Web HomePage/select_Please Select Action Recommendation _3b373a'  using regular expression

2023-06-13 16:26:59 - [TEST_STEP][PASSED] - click(findTestObject("Object Repository/Page_LOS Web HomePage/button_Save")): Object: 'Object Repository/Page_LOS Web HomePage/button_Save' is clicked on

2023-06-13 16:27:00 - [MESSAGE][PASSED] - Object: 'Object Repository/Page_LOS Web HomePage/button_Save' is clicked on

2023-06-13 16:27:00 - [TEST_STEP][PASSED] - acceptAlert(): Alert accepted

2023-06-13 16:27:00 - [MESSAGE][PASSED] - Alert accepted

2023-06-13 16:27:00 - [TEST_STEP][PASSED] - acceptAlert(): Alert accepted

2023-06-13 16:27:00 - [MESSAGE][PASSED] - Alert accepted

2023-06-13 16:27:00 - [TEST_STEP][PASSED] - delay(5): Delayed 5 second(s)

2023-06-13 16:27:05 - [MESSAGE][PASSED] - Delayed 5 second(s)

2023-06-13 16:27:05 - [TEST_STEP][PASSED] - setText(findTestObject("Object Repository/Page_LOS Web HomePage/input_search"), "Super"): Text 'Super' is set on object 'Object Repository/Page_LOS Web HomePage/input_search'

2023-06-13 16:27:06 - [MESSAGE][PASSED] - Text 'Super' is set on object 'Object Repository/Page_LOS Web HomePage/input_search'

2023-06-13 16:27:06 - [TEST_STEP][PASSED] - delay(5): Delayed 5 second(s)

2023-06-13 16:27:11 - [MESSAGE][PASSED] - Delayed 5 second(s)]]></system-out>
         <system-err><![CDATA[]]></system-err>
      </testcase>
      <testcase name="Test Cases/LOS RBI/Loan Matrix/Loan Amount/EDIT" time="10.642" classname="Test Cases/LOS RBI/Loan Matrix/Loan Amount/EDIT" status="PASSED">
         <system-out><![CDATA[2023-06-13 16:27:11 - [TEST_CASE][PASSED] - Test Cases/LOS RBI/Loan Matrix/Loan Amount/EDIT: Test Cases/LOS RBI/Loan Matrix/Loan Amount/EDIT

2023-06-13 16:27:12 - [TEST_STEP][PASSED] - setText(findTestObject("Object Repository/Page_LOS Web HomePage/input_search"), "super"): Text 'super' is set on object 'Object Repository/Page_LOS Web HomePage/input_search'

2023-06-13 16:27:13 - [MESSAGE][PASSED] - Text 'super' is set on object 'Object Repository/Page_LOS Web HomePage/input_search'

2023-06-13 16:27:13 - [TEST_STEP][PASSED] - click(findTestObject("Object Repository/Page_LOS Web HomePage/button_Description_btnUpdateLoan")): Object: 'Object Repository/Page_LOS Web HomePage/button_Description_btnUpdateLoan' is clicked on

2023-06-13 16:27:14 - [MESSAGE][PASSED] - Object: 'Object Repository/Page_LOS Web HomePage/button_Description_btnUpdateLoan' is clicked on

2023-06-13 16:27:14 - [TEST_STEP][PASSED] - selectOptionByValue(findTestObject("Object Repository/Page_LOS Web HomePage/select_Recommendation Approval"), "2", true): All options with value '2' are selected in object 'Object Repository/Page_LOS Web HomePage/select_Recommendation Approval'  using regular expression

2023-06-13 16:27:16 - [MESSAGE][PASSED] - All options with value '2' are selected in object 'Object Repository/Page_LOS Web HomePage/select_Recommendation Approval'  using regular expression

2023-06-13 16:27:16 - [TEST_STEP][PASSED] - click(findTestObject("Object Repository/Page_LOS Web HomePage/button_Update")): Object: 'Object Repository/Page_LOS Web HomePage/button_Update' is clicked on

2023-06-13 16:27:17 - [MESSAGE][PASSED] - Object: 'Object Repository/Page_LOS Web HomePage/button_Update' is clicked on

2023-06-13 16:27:17 - [TEST_STEP][PASSED] - acceptAlert(): Alert accepted

2023-06-13 16:27:17 - [MESSAGE][PASSED] - Alert accepted

2023-06-13 16:27:17 - [TEST_STEP][PASSED] - acceptAlert(): Alert accepted

2023-06-13 16:27:17 - [MESSAGE][PASSED] - Alert accepted

2023-06-13 16:27:17 - [TEST_STEP][PASSED] - delay(5): Delayed 5 second(s)

2023-06-13 16:27:22 - [MESSAGE][PASSED] - Delayed 5 second(s)]]></system-out>
         <system-err><![CDATA[]]></system-err>
      </testcase>
      <testcase name="Test Cases/LOS RBI/Loan Matrix/Loan Amount/DELETE" time="15.485" classname="Test Cases/LOS RBI/Loan Matrix/Loan Amount/DELETE" status="PASSED">
         <system-out><![CDATA[2023-06-13 16:27:22 - [TEST_CASE][PASSED] - Test Cases/LOS RBI/Loan Matrix/Loan Amount/DELETE: Test Cases/LOS RBI/Loan Matrix/Loan Amount/DELETE

2023-06-13 16:27:23 - [TEST_STEP][PASSED] - setText(findTestObject("Object Repository/Page_LOS Web HomePage/input_search"), "Super"): Text 'Super' is set on object 'Object Repository/Page_LOS Web HomePage/input_search'

2023-06-13 16:27:24 - [MESSAGE][PASSED] - Text 'Super' is set on object 'Object Repository/Page_LOS Web HomePage/input_search'

2023-06-13 16:27:24 - [TEST_STEP][PASSED] - click(findTestObject("Object Repository/Page_LOS Web HomePage/button_Description_btnDeleteMatrix")): Object: 'Object Repository/Page_LOS Web HomePage/button_Description_btnDeleteMatrix' is clicked on

2023-06-13 16:27:25 - [MESSAGE][INFO] - Unable to find the element located by 'By.xpath: //button[@id='delMatrix_101,3588,90608,Super Admin,Approval']'. Please recheck the objects properties to make sure the desired element is located. 

2023-06-13 16:27:25 - [MESSAGE][WARNING] - [SELF-HEALING] Failed to find element with id 'Object Repository/Page_LOS Web HomePage/button_Description_btnDeleteMatrix'. Try using Self-healing.

2023-06-13 16:27:26 - [MESSAGE][WARNING] - [SELF-HEALING] The current locator of test object 'Object Repository/Page_LOS Web HomePage/button_Description_btnDeleteMatrix' was broken. Propose an alternative one: '(.//*[normalize-space(text()) and normalize-space(.)='Description'])[1]/following::button[2]'.

2023-06-13 16:27:26 - [MESSAGE][PASSED] - Object: 'Object Repository/Page_LOS Web HomePage/button_Description_btnDeleteMatrix' is clicked on

2023-06-13 16:27:26 - [TEST_STEP][PASSED] - acceptAlert(): Alert accepted

2023-06-13 16:27:26 - [MESSAGE][PASSED] - Alert accepted

2023-06-13 16:27:26 - [TEST_STEP][PASSED] - acceptAlert(): Alert accepted

2023-06-13 16:27:26 - [MESSAGE][PASSED] - Alert accepted

2023-06-13 16:27:26 - [TEST_STEP][PASSED] - delay(5): Delayed 5 second(s)

2023-06-13 16:27:31 - [MESSAGE][PASSED] - Delayed 5 second(s)

2023-06-13 16:27:31 - [TEST_STEP][PASSED] - setText(findTestObject("Object Repository/Page_LOS Web HomePage/input_search"), "super"): Text 'super' is set on object 'Object Repository/Page_LOS Web HomePage/input_search'

2023-06-13 16:27:32 - [MESSAGE][PASSED] - Text 'super' is set on object 'Object Repository/Page_LOS Web HomePage/input_search'

2023-06-13 16:27:32 - [TEST_STEP][PASSED] - delay(5): Delayed 5 second(s)

2023-06-13 16:27:37 - [MESSAGE][PASSED] - Delayed 5 second(s)]]></system-out>
         <system-err><![CDATA[]]></system-err>
      </testcase>
      <testcase name="Test Cases/LOS RBI/Logout" time="2.737" classname="Test Cases/LOS RBI/Logout" status="PASSED">
         <system-out><![CDATA[2023-06-13 16:27:37 - [TEST_CASE][PASSED] - Test Cases/LOS RBI/Logout: Test Cases/LOS RBI/Logout

2023-06-13 16:27:38 - [TEST_STEP][PASSED] - click(findTestObject("Object Repository/Page_LOS Web HomePage/a_Logout")): Object: 'Object Repository/Page_LOS Web HomePage/a_Logout' is clicked on

2023-06-13 16:27:39 - [MESSAGE][PASSED] - Object: 'Object Repository/Page_LOS Web HomePage/a_Logout' is clicked on

2023-06-13 16:27:39 - [TEST_STEP][PASSED] - click(findTestObject("Object Repository/Page_LOS Web HomePage/a_Logout_1")): Object: 'Object Repository/Page_LOS Web HomePage/a_Logout_1' is clicked on

2023-06-13 16:27:40 - [MESSAGE][PASSED] - Object: 'Object Repository/Page_LOS Web HomePage/a_Logout_1' is clicked on]]></system-out>
         <system-err><![CDATA[]]></system-err>
      </testcase>
      <system-out><![CDATA[2023-06-13 16:26:35 - [TEST_SUITE][PASSED] - LOS-WEB Full Cycle: Test Cases/LOS RBI/Logout]]></system-out>
      <system-err><![CDATA[]]></system-err>
   </testsuite>
</testsuites>
