<?xml version="1.0" encoding="UTF-8"?>
<testsuites name="LOS-WEB Full Cycle" time="104.336" tests="7" failures="0" errors="0">
   <testsuite name="LOS-WEB Full Cycle" tests="7" failures="0" errors="0" time="104.336" skipped="0" timestamp="2023-06-21 10:41:33" hostname="a.miranda.local - cmit-amiranda" id="Test Suites/LOS-WEB Full Cycle">
      <properties>
         <property name="deviceName" value=""/>
         <property name="devicePlatform" value=""/>
         <property name="logFolder" value="C:\\Users\\mri-user\\git\\LOS-WEB\\Reports\\20230621_104130\\LOS-WEB Full Cycle\\20230621_104131"/>
         <property name="logFiles" value="C:\\Users\\mri-user\\git\\LOS-WEB\\Reports\\20230621_104130\\LOS-WEB Full Cycle\\20230621_104131\\execution0.log"/>
         <property name="attachments" value=""/>
         <property name="hostName" value="a.miranda.local - cmit-amiranda"/>
         <property name="os" value="Windows 10 64bit"/>
         <property name="katalonVersion" value="8.6.0.208"/>
         <property name="browser" value="Chrome 114.0.0.0"/>
         <property name="hostAddress" value="10.200.54.69"/>
         <property name="sessionId" value="008343607a412cada593a0c85ea47ff9"/>
         <property name="seleniumVersion" value="3.141.59"/>
         <property name="proxyInformation" value="ProxyInformation { proxyOption=NO_PROXY, proxyServerType=HTTP, username=, password=********, proxyServerAddress=, proxyServerPort=0, executionList=&quot;&quot;, isApplyToDesiredCapabilities=true }"/>
         <property name="platform" value="Windows 10"/>
      </properties>
      <testcase name="Test Cases/LOS RBI/Login" time="13.823" classname="Test Cases/LOS RBI/Login" status="PASSED">
         <system-out><![CDATA[2023-06-21 10:41:34 - [TEST_CASE][PASSED] - Test Cases/LOS RBI/Login: Test Cases/LOS RBI/Login

2023-06-21 10:41:34 - [TEST_STEP][PASSED] - openBrowser(""): Browser is opened with url: ''

2023-06-21 10:41:34 - [MESSAGE][INFO] - Starting 'Chrome' driver

2023-06-21 10:41:34 - [MESSAGE][INFO] - Action delay is set to 0 milliseconds

2023-06-21 10:41:37 - [MESSAGE][PASSED] - Browser is opened with url: ''

2023-06-21 10:41:37 - [TEST_STEP][PASSED] - maximizeWindow(): Current window maximized

2023-06-21 10:41:37 - [MESSAGE][PASSED] - Current window maximized

2023-06-21 10:41:37 - [TEST_STEP][PASSED] - navigateToUrl(URL_RBI): Navigate to 'https://losrbitest.cardmri.com:8446/LOSWEB/login' successfully

2023-06-21 10:41:38 - [MESSAGE][PASSED] - Navigate to 'https://losrbitest.cardmri.com:8446/LOSWEB/login' successfully

2023-06-21 10:41:38 - [TEST_STEP][PASSED] - click(findTestObject("Object Repository/Page_LOS Web - Login/label_Username")): Object: 'Object Repository/Page_LOS Web - Login/label_Username' is clicked on

2023-06-21 10:41:38 - [MESSAGE][PASSED] - Object: 'Object Repository/Page_LOS Web - Login/label_Username' is clicked on

2023-06-21 10:41:38 - [TEST_STEP][PASSED] - setText(findTestObject("Object Repository/Page_LOS Web - Login/input_LOAN ORIGINATION SYSTEM (LOS) Web_userName"), USERNAME_RBI): Text 'casuperales' is set on object 'Object Repository/Page_LOS Web - Login/input_LOAN ORIGINATION SYSTEM (LOS) Web_userName'

2023-06-21 10:41:39 - [MESSAGE][PASSED] - Text 'casuperales' is set on object 'Object Repository/Page_LOS Web - Login/input_LOAN ORIGINATION SYSTEM (LOS) Web_userName'

2023-06-21 10:41:39 - [TEST_STEP][PASSED] - setEncryptedText(findTestObject("Object Repository/Page_LOS Web - Login/input_Username_userPass"), PASSWORD_RBI): Text ****** has been set on object 'Object Repository/Page_LOS Web - Login/input_Username_userPass'

2023-06-21 10:41:40 - [MESSAGE][PASSED] - Text ****** has been set on object 'Object Repository/Page_LOS Web - Login/input_Username_userPass'

2023-06-21 10:41:40 - [TEST_STEP][PASSED] - click(findTestObject("Object Repository/Page_LOS Web - Login/button_Login")): Object: 'Object Repository/Page_LOS Web - Login/button_Login' is clicked on

2023-06-21 10:41:42 - [MESSAGE][PASSED] - Object: 'Object Repository/Page_LOS Web - Login/button_Login' is clicked on

2023-06-21 10:41:42 - [TEST_STEP][PASSED] - delay(5): Delayed 5 second(s)

2023-06-21 10:41:48 - [MESSAGE][PASSED] - Delayed 5 second(s)]]></system-out>
         <system-err><![CDATA[]]></system-err>
      </testcase>
      <testcase name="Test Cases/LOS RBI/Dashboard/CID and view ePN" time="25.004" classname="Test Cases/LOS RBI/Dashboard/CID and view ePN" status="PASSED">
         <system-out><![CDATA[2023-06-21 10:41:48 - [TEST_CASE][PASSED] - Test Cases/LOS RBI/Dashboard/CID and view ePN: Test Cases/LOS RBI/Dashboard/CID and view ePN

2023-06-21 10:41:48 - [TEST_STEP][PASSED] - setText(findTestObject("Object Repository/Page_LOS Web HomePage/input_Thursday, June 8, 2023_txtSearchCID"), "1030091995"): Text '1030091995' is set on object 'Object Repository/Page_LOS Web HomePage/input_Thursday, June 8, 2023_txtSearchCID'

2023-06-21 10:41:50 - [MESSAGE][PASSED] - Text '1030091995' is set on object 'Object Repository/Page_LOS Web HomePage/input_Thursday, June 8, 2023_txtSearchCID'

2023-06-21 10:41:50 - [TEST_STEP][PASSED] - click(findTestObject("Object Repository/Page_LOS Web HomePage/button_Search")): Object: 'Object Repository/Page_LOS Web HomePage/button_Search' is clicked on

2023-06-21 10:41:50 - [MESSAGE][PASSED] - Object: 'Object Repository/Page_LOS Web HomePage/button_Search' is clicked on

2023-06-21 10:41:50 - [TEST_STEP][PASSED] - delay(3): Delayed 3 second(s)

2023-06-21 10:41:53 - [MESSAGE][PASSED] - Delayed 3 second(s)

2023-06-21 10:41:53 - [TEST_STEP][PASSED] - scrollToPosition(0, 150): Browser is scrolled to position x = 0, y = 150

2023-06-21 10:41:53 - [MESSAGE][PASSED] - Browser is scrolled to position x = 0, y = 150

2023-06-21 10:41:53 - [TEST_STEP][PASSED] - delay(3): Delayed 3 second(s)

2023-06-21 10:41:56 - [MESSAGE][PASSED] - Delayed 3 second(s)

2023-06-21 10:41:56 - [TEST_STEP][PASSED] - click(findTestObject("Object Repository/SpyWeb_Elements/Page_LOS Web HomePage/Dashboard/Page_LOS Web HomePage/a_64e443173f8090c620230605085556467")): Object: 'Object Repository/SpyWeb_Elements/Page_LOS Web HomePage/Dashboard/Page_LOS Web HomePage/a_64e443173f8090c620230605085556467' is clicked on

2023-06-21 10:41:57 - [MESSAGE][PASSED] - Object: 'Object Repository/SpyWeb_Elements/Page_LOS Web HomePage/Dashboard/Page_LOS Web HomePage/a_64e443173f8090c620230605085556467' is clicked on

2023-06-21 10:41:57 - [TEST_STEP][PASSED] - delay(10): Delayed 10 second(s)

2023-06-21 10:42:07 - [MESSAGE][PASSED] - Delayed 10 second(s)

2023-06-21 10:42:07 - [TEST_STEP][PASSED] - switchToWindowIndex(0): Switched to window with index: '0'

2023-06-21 10:42:07 - [MESSAGE][PASSED] - Switched to window with index: '0'

2023-06-21 10:42:07 - [TEST_STEP][PASSED] - delay(5): Delayed 5 second(s)

2023-06-21 10:42:12 - [MESSAGE][PASSED] - Delayed 5 second(s)

2023-06-21 10:42:12 - [TEST_STEP][PASSED] - closeWindowIndex(1): Window with index 1 is closed

2023-06-21 10:42:13 - [MESSAGE][PASSED] - Window with index 1 is closed

2023-06-21 10:42:13 - [TEST_STEP][PASSED] - switchToWindowIndex(0): Switched to window with index: '0'

2023-06-21 10:42:13 - [MESSAGE][PASSED] - Switched to window with index: '0']]></system-out>
         <system-err><![CDATA[]]></system-err>
      </testcase>
      <testcase name="Test Cases/LOS RBI/Loan Matrix/Loan Amount/ADD" time="13.318" classname="Test Cases/LOS RBI/Loan Matrix/Loan Amount/ADD" status="PASSED">
         <system-out><![CDATA[2023-06-21 10:42:13 - [TEST_CASE][PASSED] - Test Cases/LOS RBI/Loan Matrix/Loan Amount/ADD: Test Cases/LOS RBI/Loan Matrix/Loan Amount/ADD

2023-06-21 10:42:13 - [TEST_STEP][PASSED] - MinLa = new java.util.Random(): null

2023-06-21 10:42:13 - [TEST_STEP][PASSED] - MinimumLA = MinLa.nextInt(9000) + 1000: null

2023-06-21 10:42:13 - [TEST_STEP][PASSED] - MaxLa = new java.util.Random(): null

2023-06-21 10:42:13 - [TEST_STEP][PASSED] - MaximumLA = MaxLa.nextInt(90000) + 10000: null

2023-06-21 10:42:13 - [TEST_STEP][PASSED] - click(findTestObject("Object Repository/Page_LOS Web HomePage/a_Loan Matrix")): Object: 'Object Repository/Page_LOS Web HomePage/a_Loan Matrix' is clicked on

2023-06-21 10:42:14 - [MESSAGE][PASSED] - Object: 'Object Repository/Page_LOS Web HomePage/a_Loan Matrix' is clicked on

2023-06-21 10:42:14 - [TEST_STEP][PASSED] - click(findTestObject("Object Repository/Page_LOS Web HomePage/span_Loan Amount Matrix")): Object: 'Object Repository/Page_LOS Web HomePage/span_Loan Amount Matrix' is clicked on

2023-06-21 10:42:15 - [MESSAGE][PASSED] - Object: 'Object Repository/Page_LOS Web HomePage/span_Loan Amount Matrix' is clicked on

2023-06-21 10:42:15 - [TEST_STEP][PASSED] - click(findTestObject("Object Repository/Page_LOS Web HomePage/button_Add New Loan Matrix")): Object: 'Object Repository/Page_LOS Web HomePage/button_Add New Loan Matrix' is clicked on

2023-06-21 10:42:16 - [MESSAGE][PASSED] - Object: 'Object Repository/Page_LOS Web HomePage/button_Add New Loan Matrix' is clicked on

2023-06-21 10:42:16 - [TEST_STEP][PASSED] - setText(findTestObject("Page_LOS Web HomePage/input__txtMinAmount"), MinimumLA.toString()): Text '2256' is set on object 'Object Repository/Page_LOS Web HomePage/input__txtMinAmount'

2023-06-21 10:42:17 - [MESSAGE][PASSED] - Text '2256' is set on object 'Object Repository/Page_LOS Web HomePage/input__txtMinAmount'

2023-06-21 10:42:17 - [TEST_STEP][PASSED] - setText(findTestObject("Object Repository/Page_LOS Web HomePage/input_Minimum Amount_txtMaxAmount"), MaximumLA.toString()): Text '80995' is set on object 'Object Repository/Page_LOS Web HomePage/input_Minimum Amount_txtMaxAmount'

2023-06-21 10:42:18 - [MESSAGE][PASSED] - Text '80995' is set on object 'Object Repository/Page_LOS Web HomePage/input_Minimum Amount_txtMaxAmount'

2023-06-21 10:42:18 - [TEST_STEP][PASSED] - selectOptionByValue(findTestObject("Object Repository/Page_LOS Web HomePage/select_Please Select Role Account Officer S_1fb818"), "1016", true): All options with value '1016' are selected in object 'Object Repository/Page_LOS Web HomePage/select_Please Select Role Account Officer S_1fb818'  using regular expression

2023-06-21 10:42:21 - [MESSAGE][PASSED] - All options with value '1016' are selected in object 'Object Repository/Page_LOS Web HomePage/select_Please Select Role Account Officer S_1fb818'  using regular expression

2023-06-21 10:42:21 - [TEST_STEP][PASSED] - selectOptionByValue(findTestObject("Object Repository/Page_LOS Web HomePage/select_Please Select Action Recommendation _3b373a"), "1", true): All options with value '1' are selected in object 'Object Repository/Page_LOS Web HomePage/select_Please Select Action Recommendation _3b373a'  using regular expression

2023-06-21 10:42:22 - [MESSAGE][PASSED] - All options with value '1' are selected in object 'Object Repository/Page_LOS Web HomePage/select_Please Select Action Recommendation _3b373a'  using regular expression

2023-06-21 10:42:22 - [TEST_STEP][PASSED] - click(findTestObject("Object Repository/Page_LOS Web HomePage/button_Save")): Object: 'Object Repository/Page_LOS Web HomePage/button_Save' is clicked on

2023-06-21 10:42:23 - [MESSAGE][PASSED] - Object: 'Object Repository/Page_LOS Web HomePage/button_Save' is clicked on

2023-06-21 10:42:23 - [TEST_STEP][PASSED] - acceptAlert(): Alert accepted

2023-06-21 10:42:23 - [MESSAGE][PASSED] - Alert accepted

2023-06-21 10:42:23 - [TEST_STEP][PASSED] - acceptAlert(): Alert accepted

2023-06-21 10:42:23 - [MESSAGE][PASSED] - Alert accepted

2023-06-21 10:42:23 - [TEST_STEP][PASSED] - delay(3): Delayed 3 second(s)

2023-06-21 10:42:26 - [MESSAGE][PASSED] - Delayed 3 second(s)]]></system-out>
         <system-err><![CDATA[]]></system-err>
      </testcase>
      <testcase name="Test Cases/LOS RBI/Loan Matrix/Loan Amount/EDIT" time="8.95" classname="Test Cases/LOS RBI/Loan Matrix/Loan Amount/EDIT" status="PASSED">
         <system-out><![CDATA[2023-06-21 10:42:26 - [TEST_CASE][PASSED] - Test Cases/LOS RBI/Loan Matrix/Loan Amount/EDIT: Test Cases/LOS RBI/Loan Matrix/Loan Amount/EDIT

2023-06-21 10:42:27 - [TEST_STEP][PASSED] - setText(findTestObject("Object Repository/Page_LOS Web HomePage/input_search"), "super"): Text 'super' is set on object 'Object Repository/Page_LOS Web HomePage/input_search'

2023-06-21 10:42:28 - [MESSAGE][PASSED] - Text 'super' is set on object 'Object Repository/Page_LOS Web HomePage/input_search'

2023-06-21 10:42:28 - [TEST_STEP][PASSED] - click(findTestObject("Object Repository/Page_LOS Web HomePage/button_Description_btnUpdateLoan")): Object: 'Object Repository/Page_LOS Web HomePage/button_Description_btnUpdateLoan' is clicked on

2023-06-21 10:42:29 - [MESSAGE][PASSED] - Object: 'Object Repository/Page_LOS Web HomePage/button_Description_btnUpdateLoan' is clicked on

2023-06-21 10:42:29 - [TEST_STEP][PASSED] - selectOptionByValue(findTestObject("Object Repository/Page_LOS Web HomePage/select_Recommendation Approval"), "2", true): All options with value '2' are selected in object 'Object Repository/Page_LOS Web HomePage/select_Recommendation Approval'  using regular expression

2023-06-21 10:42:31 - [MESSAGE][PASSED] - All options with value '2' are selected in object 'Object Repository/Page_LOS Web HomePage/select_Recommendation Approval'  using regular expression

2023-06-21 10:42:31 - [TEST_STEP][PASSED] - click(findTestObject("Object Repository/Page_LOS Web HomePage/button_Update")): Object: 'Object Repository/Page_LOS Web HomePage/button_Update' is clicked on

2023-06-21 10:42:32 - [MESSAGE][PASSED] - Object: 'Object Repository/Page_LOS Web HomePage/button_Update' is clicked on

2023-06-21 10:42:32 - [TEST_STEP][PASSED] - acceptAlert(): Alert accepted

2023-06-21 10:42:32 - [MESSAGE][PASSED] - Alert accepted

2023-06-21 10:42:32 - [TEST_STEP][PASSED] - acceptAlert(): Alert accepted

2023-06-21 10:42:32 - [MESSAGE][PASSED] - Alert accepted

2023-06-21 10:42:32 - [TEST_STEP][PASSED] - delay(3): Delayed 3 second(s)

2023-06-21 10:42:35 - [MESSAGE][PASSED] - Delayed 3 second(s)]]></system-out>
         <system-err><![CDATA[]]></system-err>
      </testcase>
      <testcase name="Test Cases/LOS RBI/Loan Matrix/Loan Amount/DELETE" time="13.28" classname="Test Cases/LOS RBI/Loan Matrix/Loan Amount/DELETE" status="PASSED">
         <system-out><![CDATA[2023-06-21 10:42:35 - [TEST_CASE][PASSED] - Test Cases/LOS RBI/Loan Matrix/Loan Amount/DELETE: Test Cases/LOS RBI/Loan Matrix/Loan Amount/DELETE

2023-06-21 10:42:35 - [TEST_STEP][PASSED] - setText(findTestObject("Object Repository/Page_LOS Web HomePage/input_search"), "Super"): Text 'Super' is set on object 'Object Repository/Page_LOS Web HomePage/input_search'

2023-06-21 10:42:37 - [MESSAGE][PASSED] - Text 'Super' is set on object 'Object Repository/Page_LOS Web HomePage/input_search'

2023-06-21 10:42:37 - [TEST_STEP][PASSED] - click(findTestObject("Object Repository/Page_LOS Web HomePage/button_Description_btnDeleteMatrix")): Object: 'Object Repository/Page_LOS Web HomePage/button_Description_btnDeleteMatrix' is clicked on

2023-06-21 10:42:38 - [MESSAGE][INFO] - Unable to find the element located by 'By.xpath: //button[@id='delMatrix_101,3588,90608,Super Admin,Approval']'. Please recheck the objects properties to make sure the desired element is located. 

2023-06-21 10:42:38 - [MESSAGE][WARNING] - [SELF-HEALING] Failed to find element with id 'Object Repository/Page_LOS Web HomePage/button_Description_btnDeleteMatrix'. Try using Self-healing.

2023-06-21 10:42:39 - [MESSAGE][WARNING] - [SELF-HEALING] The current locator of test object 'Object Repository/Page_LOS Web HomePage/button_Description_btnDeleteMatrix' was broken. Propose an alternative one: '//table[@id='datatable-keytable']/tbody/tr/td/button[2]'.

2023-06-21 10:42:39 - [MESSAGE][PASSED] - Object: 'Object Repository/Page_LOS Web HomePage/button_Description_btnDeleteMatrix' is clicked on

2023-06-21 10:42:39 - [TEST_STEP][PASSED] - acceptAlert(): Alert accepted

2023-06-21 10:42:39 - [MESSAGE][PASSED] - Alert accepted

2023-06-21 10:42:39 - [TEST_STEP][PASSED] - acceptAlert(): Alert accepted

2023-06-21 10:42:39 - [MESSAGE][PASSED] - Alert accepted

2023-06-21 10:42:39 - [TEST_STEP][PASSED] - delay(3): Delayed 3 second(s)

2023-06-21 10:42:42 - [MESSAGE][PASSED] - Delayed 3 second(s)

2023-06-21 10:42:42 - [TEST_STEP][PASSED] - setText(findTestObject("Object Repository/Page_LOS Web HomePage/input_search"), "super"): Text 'super' is set on object 'Object Repository/Page_LOS Web HomePage/input_search'

2023-06-21 10:42:43 - [MESSAGE][PASSED] - Text 'super' is set on object 'Object Repository/Page_LOS Web HomePage/input_search'

2023-06-21 10:42:43 - [TEST_STEP][PASSED] - delay(5): Delayed 5 second(s)

2023-06-21 10:42:48 - [MESSAGE][PASSED] - Delayed 5 second(s)]]></system-out>
         <system-err><![CDATA[]]></system-err>
      </testcase>
      <testcase name="Test Cases/LOS RBI/Reports/Audit Trail Reports/ATR Generate in PDF" time="26.558" classname="Test Cases/LOS RBI/Reports/Audit Trail Reports/ATR Generate in PDF" status="PASSED">
         <system-out><![CDATA[2023-06-21 10:42:48 - [TEST_CASE][PASSED] - Test Cases/LOS RBI/Reports/Audit Trail Reports/ATR Generate in PDF: Test Cases/LOS RBI/Reports/Audit Trail Reports/ATR Generate in PDF

2023-06-21 10:42:49 - [TEST_STEP][PASSED] - click(findTestObject("Object Repository/Page_LOS Web HomePage/span_Reports")): Object: 'Object Repository/Page_LOS Web HomePage/span_Reports' is clicked on

2023-06-21 10:42:50 - [MESSAGE][PASSED] - Object: 'Object Repository/Page_LOS Web HomePage/span_Reports' is clicked on

2023-06-21 10:42:50 - [TEST_STEP][PASSED] - click(findTestObject("Object Repository/Page_LOS Web HomePage/span_Audit Trail Report")): Object: 'Object Repository/Page_LOS Web HomePage/span_Audit Trail Report' is clicked on

2023-06-21 10:42:51 - [MESSAGE][PASSED] - Object: 'Object Repository/Page_LOS Web HomePage/span_Audit Trail Report' is clicked on

2023-06-21 10:42:51 - [TEST_STEP][PASSED] - today = new java.util.Date(): null

2023-06-21 10:42:51 - [TEST_STEP][PASSED] - dateFormat = new java.text.SimpleDateFormat(yyyy-MM-dd): null

2023-06-21 10:42:51 - [TEST_STEP][PASSED] - currentDate = dateFormat.format(today): null

2023-06-21 10:42:51 - [TEST_STEP][PASSED] - setText(findTestObject("Object Repository/Page_LOS Web HomePage/input__startDate1"), currentDate): Text '2023-06-21' is set on object 'Object Repository/Page_LOS Web HomePage/input__startDate1'

2023-06-21 10:42:52 - [MESSAGE][PASSED] - Text '2023-06-21' is set on object 'Object Repository/Page_LOS Web HomePage/input__startDate1'

2023-06-21 10:42:52 - [TEST_STEP][PASSED] - setText(findTestObject("Object Repository/Page_LOS Web HomePage/input__endDate1"), currentDate): Text '2023-06-21' is set on object 'Object Repository/Page_LOS Web HomePage/input__endDate1'

2023-06-21 10:42:53 - [MESSAGE][PASSED] - Text '2023-06-21' is set on object 'Object Repository/Page_LOS Web HomePage/input__endDate1'

2023-06-21 10:42:53 - [TEST_STEP][PASSED] - click(findTestObject("SpyWeb_Elements/Page_LOS Web HomePage/Audit_Trail/div_Audit Trail Report")): Object: 'Object Repository/SpyWeb_Elements/Page_LOS Web HomePage/Audit_Trail/div_Audit Trail Report' is clicked on

2023-06-21 10:42:54 - [MESSAGE][PASSED] - Object: 'Object Repository/SpyWeb_Elements/Page_LOS Web HomePage/Audit_Trail/div_Audit Trail Report' is clicked on

2023-06-21 10:42:54 - [TEST_STEP][PASSED] - click(findTestObject("Object Repository/Page_LOS Web HomePage/button_Generate in PDF")): Object: 'Object Repository/Page_LOS Web HomePage/button_Generate in PDF' is clicked on

2023-06-21 10:42:54 - [MESSAGE][PASSED] - Object: 'Object Repository/Page_LOS Web HomePage/button_Generate in PDF' is clicked on

2023-06-21 10:42:54 - [TEST_STEP][PASSED] - acceptAlert(): Alert accepted

2023-06-21 10:42:54 - [MESSAGE][PASSED] - Alert accepted

2023-06-21 10:42:54 - [TEST_STEP][PASSED] - delay(20): Delayed 20 second(s)

2023-06-21 10:43:14 - [MESSAGE][PASSED] - Delayed 20 second(s)

2023-06-21 10:43:14 - [TEST_STEP][PASSED] - click(findTestObject("SpyWeb_Elements/Page_LOS Web HomePage/Audit_Trail/Buttons/button_")): Object: 'Object Repository/SpyWeb_Elements/Page_LOS Web HomePage/Audit_Trail/Buttons/button_' is clicked on

2023-06-21 10:43:15 - [MESSAGE][PASSED] - Object: 'Object Repository/SpyWeb_Elements/Page_LOS Web HomePage/Audit_Trail/Buttons/button_' is clicked on

2023-06-21 10:43:15 - [TEST_STEP][PASSED] - switchToWindowIndex(0): Switched to window with index: '0'

2023-06-21 10:43:15 - [MESSAGE][PASSED] - Switched to window with index: '0'

2023-06-21 10:43:15 - [TEST_STEP][PASSED] - closeWindowIndex(1): Window with index 1 is closed

2023-06-21 10:43:15 - [MESSAGE][PASSED] - Window with index 1 is closed

2023-06-21 10:43:15 - [TEST_STEP][PASSED] - switchToWindowIndex(0): Switched to window with index: '0'

2023-06-21 10:43:15 - [MESSAGE][PASSED] - Switched to window with index: '0']]></system-out>
         <system-err><![CDATA[]]></system-err>
      </testcase>
      <testcase name="Test Cases/LOS RBI/Logout" time="3.117" classname="Test Cases/LOS RBI/Logout" status="PASSED">
         <system-out><![CDATA[2023-06-21 10:43:15 - [TEST_CASE][PASSED] - Test Cases/LOS RBI/Logout: Test Cases/LOS RBI/Logout

2023-06-21 10:43:15 - [TEST_STEP][PASSED] - click(findTestObject("Object Repository/Page_LOS Web HomePage/a_Logout")): Object: 'Object Repository/Page_LOS Web HomePage/a_Logout' is clicked on

2023-06-21 10:43:16 - [MESSAGE][PASSED] - Object: 'Object Repository/Page_LOS Web HomePage/a_Logout' is clicked on

2023-06-21 10:43:16 - [TEST_STEP][PASSED] - click(findTestObject("Object Repository/Page_LOS Web HomePage/a_Logout_1")): Object: 'Object Repository/Page_LOS Web HomePage/a_Logout_1' is clicked on

2023-06-21 10:43:17 - [MESSAGE][PASSED] - Object: 'Object Repository/Page_LOS Web HomePage/a_Logout_1' is clicked on

2023-06-21 10:43:17 - [TEST_STEP][PASSED] - closeBrowser(): Browser is closed

2023-06-21 10:43:18 - [MESSAGE][PASSED] - Browser is closed]]></system-out>
         <system-err><![CDATA[]]></system-err>
      </testcase>
      <system-out><![CDATA[2023-06-21 10:41:33 - [TEST_SUITE][PASSED] - LOS-WEB Full Cycle: Test Cases/LOS RBI/Logout]]></system-out>
      <system-err><![CDATA[]]></system-err>
   </testsuite>
</testsuites>
